#
# There is insufficient memory for the Java Runtime Environment to continue.
# Native memory allocation (mmap) failed to map 452984832 bytes for G1 virtual space
# Possible reasons:
#   The system is out of physical RAM or swap space
#   The process is running with CompressedOops enabled, and the Java Heap may be blocking the growth of the native heap
# Possible solutions:
#   Reduce memory load on the system
#   Increase physical memory or swap space
#   Check if swap backing store is full
#   Decrease Java heap size (-Xmx/-Xms)
#   Decrease number of Java threads
#   Decrease Java thread stack sizes (-Xss)
#   Set larger code cache with -XX:ReservedCodeCacheSize=
#   JVM is running with Zero Based Compressed Oops mode in which the Java heap is
#     placed in the first 32GB address space. The Java Heap base address is the
#     maximum limit for the native heap growth. Please use -XX:HeapBaseMinAddress
#     to set the Java Heap base and to place the Java Heap above 32GB virtual address.
# This output file may be truncated or incomplete.
#
#  Out of Memory Error (os_windows.cpp:3550), pid=10700, tid=28356
#
# JRE version: Java(TM) SE Runtime Environment (17.0.6+9) (build 17.0.6+9-LTS-190)
# Java VM: Java HotSpot(TM) 64-Bit Server VM (17.0.6+9-LTS-190, mixed mode, sharing, tiered, compressed oops, compressed class ptrs, g1 gc, windows-amd64)
# No core dump will be written. Minidumps are not enabled by default on client versions of Windows
#

---------------  S U M M A R Y ------------

Command Line: -Dmaven.multiModuleProjectDirectory=D:\学习\教科书\JAVA\材料\spzx-server -Djansi.passthrough=true -Dmaven.home=E:\Maven\apache-maven-3.9.4 -Dclassworlds.conf=E:\Maven\apache-maven-3.9.4\bin\m2.conf -Dmaven.ext.class.path=E:\IDEA\IntelliJ IDEA 2023.2\plugins\maven\lib\maven-event-listener.jar -javaagent:E:\IDEA\IntelliJ IDEA 2023.2\lib\idea_rt.jar=56204:E:\IDEA\IntelliJ IDEA 2023.2\bin -Dfile.encoding=UTF-8 org.codehaus.classworlds.Launcher -Didea.version=2023.2 -s E:\Maven\apache-maven-3.9.4\conf\settings.xml -Dmaven.repo.local=C:\Users\21288\.m2\repository -DskipTests=true package

Host: Intel(R) Core(TM) i7-8750H CPU @ 2.20GHz, 12 cores, 15G,  Windows 11 , 64 bit Build 22000 (10.0.22000.2538)
Time: Sat Mar  9 21:26:37 2024  Windows 11 , 64 bit Build 22000 (10.0.22000.2538) elapsed time: 12.032807 seconds (0d 0h 0m 12s)

---------------  T H R E A D  ---------------

Current thread (0x000001bf5c1946f0):  VMThread "VM Thread" [stack: 0x0000007cd6a00000,0x0000007cd6b00000] [id=28356]

Stack: [0x0000007cd6a00000,0x0000007cd6b00000]
Native frames: (J=compiled Java code, j=interpreted, Vv=VM code, C=native code)
V  [jvm.dll+0x6734ea]
V  [jvm.dll+0x7d18f4]
V  [jvm.dll+0x7d309e]
V  [jvm.dll+0x7d3703]
V  [jvm.dll+0x2433c5]
V  [jvm.dll+0x6703f9]
V  [jvm.dll+0x664d32]
V  [jvm.dll+0x300086]
V  [jvm.dll+0x307606]
V  [jvm.dll+0x356c1e]
V  [jvm.dll+0x356e4f]
V  [jvm.dll+0x2d72e8]
V  [jvm.dll+0x2d57e5]
V  [jvm.dll+0x2d4dec]
V  [jvm.dll+0x31837b]
V  [jvm.dll+0x7d7f0b]
V  [jvm.dll+0x7d8c44]
V  [jvm.dll+0x7d915d]
V  [jvm.dll+0x7d9534]
V  [jvm.dll+0x7d9600]
V  [jvm.dll+0x781a7a]
V  [jvm.dll+0x672375]
C  [ucrtbase.dll+0x26c0c]
C  [KERNEL32.DLL+0x153e0]
C  [ntdll.dll+0x485b]

VM_Operation (0x0000007cd64fb880): G1CollectForAllocation, mode: safepoint, requested by thread 0x000001bf39079ee0


---------------  P R O C E S S  ---------------

Threads class SMR info:
_java_thread_list=0x000001bf6099b320, length=15, elements={
0x000001bf39079ee0, 0x000001bf5c1981f0, 0x000001bf5c198e60, 0x000001bf5cc052b0,
0x000001bf5cc06b80, 0x000001bf5cc07440, 0x000001bf5cc07df0, 0x000001bf5cc10ae0,
0x000001bf5c1b0a50, 0x000001bf5c1b3360, 0x000001bf5cd004b0, 0x000001bf5cdca340,
0x000001bf5cdca810, 0x000001bf5d652100, 0x000001bf5d6516e0
}

Java Threads: ( => current thread )
  0x000001bf39079ee0 JavaThread "main" [_thread_blocked, id=19236, stack(0x0000007cd6400000,0x0000007cd6500000)]
  0x000001bf5c1981f0 JavaThread "Reference Handler" daemon [_thread_blocked, id=21700, stack(0x0000007cd6b00000,0x0000007cd6c00000)]
  0x000001bf5c198e60 JavaThread "Finalizer" daemon [_thread_blocked, id=24480, stack(0x0000007cd6c00000,0x0000007cd6d00000)]
  0x000001bf5cc052b0 JavaThread "Signal Dispatcher" daemon [_thread_blocked, id=24352, stack(0x0000007cd6d00000,0x0000007cd6e00000)]
  0x000001bf5cc06b80 JavaThread "Attach Listener" daemon [_thread_blocked, id=9156, stack(0x0000007cd6e00000,0x0000007cd6f00000)]
  0x000001bf5cc07440 JavaThread "Service Thread" daemon [_thread_blocked, id=19260, stack(0x0000007cd6f00000,0x0000007cd7000000)]
  0x000001bf5cc07df0 JavaThread "Monitor Deflation Thread" daemon [_thread_blocked, id=25856, stack(0x0000007cd7000000,0x0000007cd7100000)]
  0x000001bf5cc10ae0 JavaThread "C2 CompilerThread0" daemon [_thread_blocked, id=27344, stack(0x0000007cd7100000,0x0000007cd7200000)]
  0x000001bf5c1b0a50 JavaThread "C1 CompilerThread0" daemon [_thread_blocked, id=19460, stack(0x0000007cd7200000,0x0000007cd7300000)]
  0x000001bf5c1b3360 JavaThread "Sweeper thread" daemon [_thread_blocked, id=21860, stack(0x0000007cd7300000,0x0000007cd7400000)]
  0x000001bf5cd004b0 JavaThread "Common-Cleaner" daemon [_thread_blocked, id=23880, stack(0x0000007cd7400000,0x0000007cd7500000)]
  0x000001bf5cdca340 JavaThread "Monitor Ctrl-Break" daemon [_thread_in_native, id=19872, stack(0x0000007cd7500000,0x0000007cd7600000)]
  0x000001bf5cdca810 JavaThread "Notification Thread" daemon [_thread_blocked, id=16944, stack(0x0000007cd7600000,0x0000007cd7700000)]
  0x000001bf5d652100 JavaThread "C2 CompilerThread1" daemon [_thread_blocked, id=25916, stack(0x0000007cd7800000,0x0000007cd7900000)]
  0x000001bf5d6516e0 JavaThread "C2 CompilerThread2" daemon [_thread_blocked, id=11068, stack(0x0000007cd8600000,0x0000007cd8700000)]

Other Threads:
=>0x000001bf5c1946f0 VMThread "VM Thread" [stack: 0x0000007cd6a00000,0x0000007cd6b00000] [id=28356]
  0x000001bf39111ef0 WatcherThread [stack: 0x0000007cd7700000,0x0000007cd7800000] [id=19340]
  0x000001bf390e7380 GCTaskThread "GC Thread#0" [stack: 0x0000007cd6500000,0x0000007cd6600000] [id=23912]
  0x000001bf5ceafc80 GCTaskThread "GC Thread#1" [stack: 0x0000007cd7a00000,0x0000007cd7b00000] [id=27924]
  0x000001bf5d756410 GCTaskThread "GC Thread#2" [stack: 0x0000007cd7b00000,0x0000007cd7c00000] [id=24828]
  0x000001bf5d585cc0 GCTaskThread "GC Thread#3" [stack: 0x0000007cd7c00000,0x0000007cd7d00000] [id=27272]
  0x000001bf5d585f70 GCTaskThread "GC Thread#4" [stack: 0x0000007cd7d00000,0x0000007cd7e00000] [id=13688]
  0x000001bf5d586220 GCTaskThread "GC Thread#5" [stack: 0x0000007cd7e00000,0x0000007cd7f00000] [id=14760]
  0x000001bf5d8b8370 GCTaskThread "GC Thread#6" [stack: 0x0000007cd7f00000,0x0000007cd8000000] [id=11696]
  0x000001bf5d8b8620 GCTaskThread "GC Thread#7" [stack: 0x0000007cd8000000,0x0000007cd8100000] [id=27528]
  0x000001bf5dc4bcf0 GCTaskThread "GC Thread#8" [stack: 0x0000007cd8100000,0x0000007cd8200000] [id=28600]
  0x000001bf5db44a10 GCTaskThread "GC Thread#9" [stack: 0x0000007cd8200000,0x0000007cd8300000] [id=19796]
  0x000001bf390f9090 ConcurrentGCThread "G1 Main Marker" [stack: 0x0000007cd6600000,0x0000007cd6700000] [id=10936]
  0x000001bf390f9aa0 ConcurrentGCThread "G1 Conc#0" [stack: 0x0000007cd6700000,0x0000007cd6800000] [id=21812]
  0x000001bf5e5b3200 ConcurrentGCThread "G1 Conc#1" [stack: 0x0000007cd8300000,0x0000007cd8400000] [id=3496]
  0x000001bf5e5b3f70 ConcurrentGCThread "G1 Conc#2" [stack: 0x0000007cd8400000,0x0000007cd8500000] [id=10812]
  0x000001bf5c04f540 ConcurrentGCThread "G1 Refine#0" [stack: 0x0000007cd6800000,0x0000007cd6900000] [id=5580]
  0x000001bf6116bd60 ConcurrentGCThread "G1 Refine#1" [stack: 0x0000007cd7900000,0x0000007cd7a00000] [id=10208]
  0x000001bf6116ac20 ConcurrentGCThread "G1 Refine#2" [stack: 0x0000007cd8500000,0x0000007cd8600000] [id=17620]
  0x000001bf5c04fe60 ConcurrentGCThread "G1 Service" [stack: 0x0000007cd6900000,0x0000007cd6a00000] [id=25932]

Threads with active compile tasks:
C2 CompilerThread0    12161 9444       4       com.sun.tools.javac.code.Scope$ScopeImpl::enter (108 bytes)
C2 CompilerThread1    12161 9413       4       com.sun.tools.javac.comp.Attr::checkIdInternal (788 bytes)
C2 CompilerThread2    12161 9410       4       com.sun.tools.javac.jvm.ClassReader::parameter (218 bytes)

VM state: at safepoint (normal execution)

VM Mutex/Monitor currently owned by a thread:  ([mutex/lock_event])
[0x000001bf39075270] Threads_lock - owner thread: 0x000001bf5c1946f0
[0x000001bf39074fa0] Heap_lock - owner thread: 0x000001bf39079ee0

Heap address: 0x0000000702400000, size: 4060 MB, Compressed Oops mode: Zero based, Oop shift amount: 3

CDS archive(s) mapped at: [0x0000000800000000-0x0000000800bd0000-0x0000000800bd0000), size 12386304, SharedBaseAddress: 0x0000000800000000, ArchiveRelocationMode: 0.
Compressed class space mapped at: 0x0000000800c00000-0x0000000840c00000, reserved size: 1073741824
Narrow klass base: 0x0000000800000000, Narrow klass shift: 0, Narrow klass range: 0x100000000

GC Precious Log:
 CPUs: 12 total, 12 available
 Memory: 16239M
 Large Page Support: Disabled
 NUMA Support: Disabled
 Compressed Oops: Enabled (Zero based)
 Heap Region Size: 2M
 Heap Min Capacity: 8M
 Heap Initial Capacity: 254M
 Heap Max Capacity: 4060M
 Pre-touch: Disabled
 Parallel Workers: 10
 Concurrent Workers: 3
 Concurrent Refinement Workers: 10
 Periodic GC: Disabled

Heap:
 garbage-first heap   total 260096K, used 107552K [0x0000000702400000, 0x0000000800000000)
  region size 2048K, 1 young (2048K), 1 survivors (2048K)
 Metaspace       used 33841K, committed 34176K, reserved 1081344K
  class space    used 3787K, committed 3904K, reserved 1048576K

Heap Regions: E=young(eden), S=young(survivor), O=old, HS=humongous(starts), HC=humongous(continues), CS=collection set, F=free, OA=open archive, CA=closed archive, TAMS=top-at-mark-start (previous, next)
|   0|0x0000000702400000, 0x0000000702600000, 0x0000000702600000|100%| O|  |TAMS 0x0000000702600000, 0x0000000702400000| Untracked 
|   1|0x0000000702600000, 0x0000000702800000, 0x0000000702800000|100%| O|  |TAMS 0x0000000702800000, 0x0000000702600000| Untracked 
|   2|0x0000000702800000, 0x0000000702a00000, 0x0000000702a00000|100%| O|  |TAMS 0x0000000702a00000, 0x0000000702800000| Untracked 
|   3|0x0000000702a00000, 0x0000000702c00000, 0x0000000702c00000|100%| O|  |TAMS 0x0000000702c00000, 0x0000000702a00000| Untracked 
|   4|0x0000000702c00000, 0x0000000702e00000, 0x0000000702e00000|100%| O|  |TAMS 0x0000000702e00000, 0x0000000702c00000| Untracked 
|   5|0x0000000702e00000, 0x0000000703000000, 0x0000000703000000|100%| O|  |TAMS 0x0000000703000000, 0x0000000702e00000| Untracked 
|   6|0x0000000703000000, 0x0000000703200000, 0x0000000703200000|100%| O|  |TAMS 0x0000000703200000, 0x0000000703000000| Untracked 
|   7|0x0000000703200000, 0x00000007033ffff8, 0x0000000703400000| 99%| O|  |TAMS 0x00000007033ffff8, 0x0000000703200000| Untracked 
|   8|0x0000000703400000, 0x0000000703600000, 0x0000000703600000|100%| O|  |TAMS 0x0000000703600000, 0x0000000703400000| Untracked 
|   9|0x0000000703600000, 0x0000000703800000, 0x0000000703800000|100%| O|  |TAMS 0x0000000703800000, 0x0000000703600000| Untracked 
|  10|0x0000000703800000, 0x0000000703800000, 0x0000000703a00000|  0%| F|  |TAMS 0x0000000703800000, 0x0000000703800000| Untracked 
|  11|0x0000000703a00000, 0x0000000703c00000, 0x0000000703c00000|100%| O|  |TAMS 0x0000000703c00000, 0x0000000703a00000| Untracked 
|  12|0x0000000703c00000, 0x0000000703e00000, 0x0000000703e00000|100%| O|  |TAMS 0x0000000703e00000, 0x0000000703c00000| Untracked 
|  13|0x0000000703e00000, 0x0000000704000000, 0x0000000704000000|100%| O|  |TAMS 0x0000000704000000, 0x0000000703e00000| Untracked 
|  14|0x0000000704000000, 0x0000000704200000, 0x0000000704200000|100%| O|  |TAMS 0x0000000704200000, 0x0000000704000000| Untracked 
|  15|0x0000000704200000, 0x0000000704400000, 0x0000000704400000|100%| O|  |TAMS 0x0000000704400000, 0x0000000704200000| Untracked 
|  16|0x0000000704400000, 0x0000000704600000, 0x0000000704600000|100%| O|  |TAMS 0x0000000704600000, 0x0000000704400000| Untracked 
|  17|0x0000000704600000, 0x0000000704800000, 0x0000000704800000|100%| O|  |TAMS 0x0000000704800000, 0x0000000704600000| Untracked 
|  18|0x0000000704800000, 0x0000000704a00000, 0x0000000704a00000|100%| O|  |TAMS 0x0000000704a00000, 0x0000000704800000| Untracked 
|  19|0x0000000704a00000, 0x0000000704a00000, 0x0000000704c00000|  0%| F|  |TAMS 0x0000000704a00000, 0x0000000704a00000| Untracked 
|  20|0x0000000704c00000, 0x0000000704c00000, 0x0000000704e00000|  0%| F|  |TAMS 0x0000000704c00000, 0x0000000704c00000| Untracked 
|  21|0x0000000704e00000, 0x0000000704e00000, 0x0000000705000000|  0%| F|  |TAMS 0x0000000704e00000, 0x0000000704e00000| Untracked 
|  22|0x0000000705000000, 0x0000000705200000, 0x0000000705200000|100%| O|  |TAMS 0x0000000705200000, 0x0000000705000000| Untracked 
|  23|0x0000000705200000, 0x0000000705400000, 0x0000000705400000|100%| O|  |TAMS 0x0000000705400000, 0x0000000705200000| Untracked 
|  24|0x0000000705400000, 0x0000000705400000, 0x0000000705600000|  0%| F|  |TAMS 0x0000000705400000, 0x0000000705400000| Untracked 
|  25|0x0000000705600000, 0x0000000705800000, 0x0000000705800000|100%| O|  |TAMS 0x0000000705600000, 0x0000000705600000| Untracked 
|  26|0x0000000705800000, 0x0000000705800000, 0x0000000705a00000|  0%| F|  |TAMS 0x0000000705800000, 0x0000000705800000| Untracked 
|  27|0x0000000705a00000, 0x0000000705a00000, 0x0000000705c00000|  0%| F|  |TAMS 0x0000000705a00000, 0x0000000705a00000| Untracked 
|  28|0x0000000705c00000, 0x0000000705e00000, 0x0000000705e00000|100%| O|  |TAMS 0x0000000705e00000, 0x0000000705c00000| Untracked 
|  29|0x0000000705e00000, 0x0000000705e00000, 0x0000000706000000|  0%| F|  |TAMS 0x0000000705e00000, 0x0000000705e00000| Untracked 
|  30|0x0000000706000000, 0x0000000706000000, 0x0000000706200000|  0%| F|  |TAMS 0x0000000706000000, 0x0000000706000000| Untracked 
|  31|0x0000000706200000, 0x0000000706200000, 0x0000000706400000|  0%| F|  |TAMS 0x0000000706200000, 0x0000000706200000| Untracked 
|  32|0x0000000706400000, 0x0000000706400000, 0x0000000706600000|  0%| F|  |TAMS 0x0000000706400000, 0x0000000706400000| Untracked 
|  33|0x0000000706600000, 0x0000000706800000, 0x0000000706800000|100%| O|  |TAMS 0x0000000706800000, 0x0000000706600000| Untracked 
|  34|0x0000000706800000, 0x0000000706a00000, 0x0000000706a00000|100%| O|  |TAMS 0x0000000706a00000, 0x0000000706800000| Untracked 
|  35|0x0000000706a00000, 0x0000000706a00000, 0x0000000706c00000|  0%| F|  |TAMS 0x0000000706a00000, 0x0000000706a00000| Untracked 
|  36|0x0000000706c00000, 0x0000000706e00000, 0x0000000706e00000|100%| O|  |TAMS 0x0000000706e00000, 0x0000000706c00000| Untracked 
|  37|0x0000000706e00000, 0x0000000706e00000, 0x0000000707000000|  0%| F|  |TAMS 0x0000000706e00000, 0x0000000706e00000| Untracked 
|  38|0x0000000707000000, 0x0000000707000000, 0x0000000707200000|  0%| F|  |TAMS 0x0000000707000000, 0x0000000707000000| Untracked 
|  39|0x0000000707200000, 0x0000000707400000, 0x0000000707400000|100%| O|  |TAMS 0x0000000707400000, 0x0000000707200000| Untracked 
|  40|0x0000000707400000, 0x0000000707600000, 0x0000000707600000|100%| O|  |TAMS 0x0000000707600000, 0x0000000707400000| Untracked 
|  41|0x0000000707600000, 0x0000000707600000, 0x0000000707800000|  0%| F|  |TAMS 0x0000000707600000, 0x0000000707600000| Untracked 
|  42|0x0000000707800000, 0x0000000707a00000, 0x0000000707a00000|100%| O|  |TAMS 0x0000000707800000, 0x0000000707800000| Untracked 
|  43|0x0000000707a00000, 0x0000000707c00000, 0x0000000707c00000|100%| O|  |TAMS 0x0000000707a00000, 0x0000000707a00000| Untracked 
|  44|0x0000000707c00000, 0x0000000707e00000, 0x0000000707e00000|100%| O|  |TAMS 0x0000000707c00000, 0x0000000707c00000| Untracked 
|  45|0x0000000707e00000, 0x0000000708000000, 0x0000000708000000|100%| O|  |TAMS 0x0000000707e00000, 0x0000000707e00000| Untracked 
|  46|0x0000000708000000, 0x0000000708200000, 0x0000000708200000|100%| O|  |TAMS 0x0000000708000000, 0x0000000708000000| Untracked 
|  47|0x0000000708200000, 0x0000000708400000, 0x0000000708400000|100%| O|  |TAMS 0x0000000708200000, 0x0000000708200000| Untracked 
|  48|0x0000000708400000, 0x0000000708600000, 0x0000000708600000|100%| O|  |TAMS 0x0000000708400000, 0x0000000708400000| Untracked 
|  49|0x0000000708600000, 0x0000000708800000, 0x0000000708800000|100%|HS|  |TAMS 0x0000000708600000, 0x0000000708600000| Complete 
|  50|0x0000000708800000, 0x0000000708a00000, 0x0000000708a00000|100%| O|  |TAMS 0x0000000708800000, 0x0000000708800000| Untracked 
|  51|0x0000000708a00000, 0x0000000708c00000, 0x0000000708c00000|100%| O|  |TAMS 0x0000000708a00000, 0x0000000708a00000| Untracked 
|  52|0x0000000708c00000, 0x0000000708e00000, 0x0000000708e00000|100%| O|  |TAMS 0x0000000708c00000, 0x0000000708c00000| Untracked 
|  53|0x0000000708e00000, 0x0000000709000000, 0x0000000709000000|100%| O|  |TAMS 0x0000000708e00000, 0x0000000708e00000| Untracked 
|  54|0x0000000709000000, 0x00000007091d8600, 0x0000000709200000| 92%| O|  |TAMS 0x0000000709000000, 0x0000000709000000| Untracked 
|  55|0x0000000709200000, 0x0000000709200000, 0x0000000709400000|  0%| F|  |TAMS 0x0000000709200000, 0x0000000709200000| Untracked 
|  56|0x0000000709400000, 0x0000000709400000, 0x0000000709600000|  0%| F|  |TAMS 0x0000000709400000, 0x0000000709400000| Untracked 
|  57|0x0000000709600000, 0x0000000709600000, 0x0000000709800000|  0%| F|  |TAMS 0x0000000709600000, 0x0000000709600000| Untracked 
|  58|0x0000000709800000, 0x0000000709a00000, 0x0000000709a00000|100%| O|  |TAMS 0x0000000709a00000, 0x0000000709800000| Untracked 
|  59|0x0000000709a00000, 0x0000000709c00000, 0x0000000709c00000|100%| O|  |TAMS 0x0000000709c00000, 0x0000000709a00000| Untracked 
|  60|0x0000000709c00000, 0x0000000709e00000, 0x0000000709e00000|100%| O|  |TAMS 0x0000000709e00000, 0x0000000709c00000| Untracked 
|  61|0x0000000709e00000, 0x000000070a000000, 0x000000070a000000|100%| O|  |TAMS 0x000000070a000000, 0x0000000709e00000| Untracked 
|  62|0x000000070a000000, 0x000000070a200000, 0x000000070a200000|100%| O|  |TAMS 0x000000070a200000, 0x000000070a000000| Untracked 
|  63|0x000000070a200000, 0x000000070a400000, 0x000000070a400000|100%| O|  |TAMS 0x000000070a400000, 0x000000070a200000| Untracked 
|  64|0x000000070a400000, 0x000000070a600000, 0x000000070a600000|100%| O|  |TAMS 0x000000070a600000, 0x000000070a400000| Untracked 
|  65|0x000000070a600000, 0x000000070a800000, 0x000000070a800000|100%| O|  |TAMS 0x000000070a800000, 0x000000070a600000| Untracked 
|  66|0x000000070a800000, 0x000000070aa00000, 0x000000070aa00000|100%| O|  |TAMS 0x000000070aa00000, 0x000000070a800000| Untracked 
|  67|0x000000070aa00000, 0x000000070ac00000, 0x000000070ac00000|100%| O|  |TAMS 0x000000070ac00000, 0x000000070aa00000| Untracked 
|  68|0x000000070ac00000, 0x000000070ae00000, 0x000000070ae00000|100%| O|  |TAMS 0x000000070ae00000, 0x000000070ac00000| Untracked 
|  69|0x000000070ae00000, 0x000000070b000000, 0x000000070b000000|100%| O|  |TAMS 0x000000070af3fe00, 0x000000070ae00000| Untracked 
|  70|0x000000070b000000, 0x000000070b000000, 0x000000070b200000|  0%| F|  |TAMS 0x000000070b000000, 0x000000070b000000| Untracked 
|  71|0x000000070b200000, 0x000000070b200000, 0x000000070b400000|  0%| F|  |TAMS 0x000000070b200000, 0x000000070b200000| Untracked 
|  72|0x000000070b400000, 0x000000070b400000, 0x000000070b600000|  0%| F|  |TAMS 0x000000070b400000, 0x000000070b400000| Untracked 
|  73|0x000000070b600000, 0x000000070b600000, 0x000000070b800000|  0%| F|  |TAMS 0x000000070b600000, 0x000000070b600000| Untracked 
|  74|0x000000070b800000, 0x000000070b800000, 0x000000070ba00000|  0%| F|  |TAMS 0x000000070b800000, 0x000000070b800000| Untracked 
|  75|0x000000070ba00000, 0x000000070ba00000, 0x000000070bc00000|  0%| F|  |TAMS 0x000000070ba00000, 0x000000070ba00000| Untracked 
|  76|0x000000070bc00000, 0x000000070bc00000, 0x000000070be00000|  0%| F|  |TAMS 0x000000070bc00000, 0x000000070bc00000| Untracked 
|  77|0x000000070be00000, 0x000000070be00000, 0x000000070c000000|  0%| F|  |TAMS 0x000000070be00000, 0x000000070be00000| Untracked 
|  78|0x000000070c000000, 0x000000070c000000, 0x000000070c200000|  0%| F|  |TAMS 0x000000070c000000, 0x000000070c000000| Untracked 
|  79|0x000000070c200000, 0x000000070c200000, 0x000000070c400000|  0%| F|  |TAMS 0x000000070c200000, 0x000000070c200000| Untracked 
|  80|0x000000070c400000, 0x000000070c400000, 0x000000070c600000|  0%| F|  |TAMS 0x000000070c400000, 0x000000070c400000| Untracked 
|  81|0x000000070c600000, 0x000000070c600000, 0x000000070c800000|  0%| F|  |TAMS 0x000000070c600000, 0x000000070c600000| Untracked 
|  82|0x000000070c800000, 0x000000070c92fad0, 0x000000070ca00000| 59%| S|CS|TAMS 0x000000070c800000, 0x000000070c800000| Complete 
|  83|0x000000070ca00000, 0x000000070ca00000, 0x000000070cc00000|  0%| F|  |TAMS 0x000000070ca00000, 0x000000070ca00000| Untracked 
|  84|0x000000070cc00000, 0x000000070cc00000, 0x000000070ce00000|  0%| F|  |TAMS 0x000000070cc00000, 0x000000070cc00000| Untracked 
|  85|0x000000070ce00000, 0x000000070ce00000, 0x000000070d000000|  0%| F|  |TAMS 0x000000070ce00000, 0x000000070ce00000| Untracked 
|  86|0x000000070d000000, 0x000000070d000000, 0x000000070d200000|  0%| F|  |TAMS 0x000000070d000000, 0x000000070d000000| Untracked 
|  87|0x000000070d200000, 0x000000070d200000, 0x000000070d400000|  0%| F|  |TAMS 0x000000070d200000, 0x000000070d200000| Untracked 
|  88|0x000000070d400000, 0x000000070d400000, 0x000000070d600000|  0%| F|  |TAMS 0x000000070d400000, 0x000000070d400000| Untracked 
|  89|0x000000070d600000, 0x000000070d600000, 0x000000070d800000|  0%| F|  |TAMS 0x000000070d600000, 0x000000070d600000| Untracked 
|  90|0x000000070d800000, 0x000000070d800000, 0x000000070da00000|  0%| F|  |TAMS 0x000000070d800000, 0x000000070d800000| Untracked 
|  91|0x000000070da00000, 0x000000070da00000, 0x000000070dc00000|  0%| F|  |TAMS 0x000000070da00000, 0x000000070da00000| Untracked 
|  92|0x000000070dc00000, 0x000000070dc00000, 0x000000070de00000|  0%| F|  |TAMS 0x000000070dc00000, 0x000000070dc00000| Untracked 
|  93|0x000000070de00000, 0x000000070de00000, 0x000000070e000000|  0%| F|  |TAMS 0x000000070de00000, 0x000000070de00000| Untracked 
|  94|0x000000070e000000, 0x000000070e000000, 0x000000070e200000|  0%| F|  |TAMS 0x000000070e000000, 0x000000070e000000| Untracked 
|  95|0x000000070e200000, 0x000000070e200000, 0x000000070e400000|  0%| F|  |TAMS 0x000000070e200000, 0x000000070e200000| Untracked 
|  96|0x000000070e400000, 0x000000070e400000, 0x000000070e600000|  0%| F|  |TAMS 0x000000070e400000, 0x000000070e400000| Untracked 
|  97|0x000000070e600000, 0x000000070e600000, 0x000000070e800000|  0%| F|  |TAMS 0x000000070e600000, 0x000000070e600000| Untracked 
|  98|0x000000070e800000, 0x000000070e800000, 0x000000070ea00000|  0%| F|  |TAMS 0x000000070e800000, 0x000000070e800000| Untracked 
|  99|0x000000070ea00000, 0x000000070ea00000, 0x000000070ec00000|  0%| F|  |TAMS 0x000000070ea00000, 0x000000070ea00000| Untracked 
| 100|0x000000070ec00000, 0x000000070ec00000, 0x000000070ee00000|  0%| F|  |TAMS 0x000000070ec00000, 0x000000070ec00000| Untracked 
| 101|0x000000070ee00000, 0x000000070ee00000, 0x000000070f000000|  0%| F|  |TAMS 0x000000070ee00000, 0x000000070ee00000| Untracked 
| 102|0x000000070f000000, 0x000000070f000000, 0x000000070f200000|  0%| F|  |TAMS 0x000000070f000000, 0x000000070f000000| Untracked 
| 103|0x000000070f200000, 0x000000070f200000, 0x000000070f400000|  0%| F|  |TAMS 0x000000070f200000, 0x000000070f200000| Untracked 
| 104|0x000000070f400000, 0x000000070f400000, 0x000000070f600000|  0%| F|  |TAMS 0x000000070f400000, 0x000000070f400000| Untracked 
| 105|0x000000070f600000, 0x000000070f600000, 0x000000070f800000|  0%| F|  |TAMS 0x000000070f600000, 0x000000070f600000| Untracked 
| 106|0x000000070f800000, 0x000000070f800000, 0x000000070fa00000|  0%| F|  |TAMS 0x000000070f800000, 0x000000070f800000| Untracked 
| 107|0x000000070fa00000, 0x000000070fa00000, 0x000000070fc00000|  0%| F|  |TAMS 0x000000070fa00000, 0x000000070fa00000| Untracked 
| 108|0x000000070fc00000, 0x000000070fc00000, 0x000000070fe00000|  0%| F|  |TAMS 0x000000070fc00000, 0x000000070fc00000| Untracked 
| 109|0x000000070fe00000, 0x000000070fe00000, 0x0000000710000000|  0%| F|  |TAMS 0x000000070fe00000, 0x000000070fe00000| Untracked 
| 110|0x0000000710000000, 0x0000000710000000, 0x0000000710200000|  0%| F|  |TAMS 0x0000000710000000, 0x0000000710000000| Untracked 
| 111|0x0000000710200000, 0x0000000710200000, 0x0000000710400000|  0%| F|  |TAMS 0x0000000710200000, 0x0000000710200000| Untracked 
| 112|0x0000000710400000, 0x0000000710400000, 0x0000000710600000|  0%| F|  |TAMS 0x0000000710400000, 0x0000000710400000| Untracked 
| 113|0x0000000710600000, 0x0000000710600000, 0x0000000710800000|  0%| F|  |TAMS 0x0000000710600000, 0x0000000710600000| Untracked 
| 114|0x0000000710800000, 0x0000000710800000, 0x0000000710a00000|  0%| F|  |TAMS 0x0000000710800000, 0x0000000710800000| Untracked 
| 115|0x0000000710a00000, 0x0000000710a00000, 0x0000000710c00000|  0%| F|  |TAMS 0x0000000710a00000, 0x0000000710a00000| Untracked 
| 116|0x0000000710c00000, 0x0000000710c00000, 0x0000000710e00000|  0%| F|  |TAMS 0x0000000710c00000, 0x0000000710c00000| Untracked 
| 117|0x0000000710e00000, 0x0000000710e00000, 0x0000000711000000|  0%| F|  |TAMS 0x0000000710e00000, 0x0000000710e00000| Untracked 
| 118|0x0000000711000000, 0x0000000711000000, 0x0000000711200000|  0%| F|  |TAMS 0x0000000711000000, 0x0000000711000000| Untracked 
| 119|0x0000000711200000, 0x0000000711200000, 0x0000000711400000|  0%| F|  |TAMS 0x0000000711200000, 0x0000000711200000| Untracked 
| 120|0x0000000711400000, 0x0000000711400000, 0x0000000711600000|  0%| F|  |TAMS 0x0000000711400000, 0x0000000711400000| Untracked 
| 121|0x0000000711600000, 0x0000000711600000, 0x0000000711800000|  0%| F|  |TAMS 0x0000000711600000, 0x0000000711600000| Untracked 
| 122|0x0000000711800000, 0x0000000711800000, 0x0000000711a00000|  0%| F|  |TAMS 0x0000000711800000, 0x0000000711800000| Untracked 
| 123|0x0000000711a00000, 0x0000000711a00000, 0x0000000711c00000|  0%| F|  |TAMS 0x0000000711a00000, 0x0000000711a00000| Untracked 
| 124|0x0000000711c00000, 0x0000000711c00000, 0x0000000711e00000|  0%| F|  |TAMS 0x0000000711c00000, 0x0000000711c00000| Untracked 
| 125|0x0000000711e00000, 0x0000000711e00000, 0x0000000712000000|  0%| F|  |TAMS 0x0000000711e00000, 0x0000000711e00000| Untracked 
| 126|0x0000000712000000, 0x0000000712000000, 0x0000000712200000|  0%| F|  |TAMS 0x0000000712000000, 0x0000000712000000| Untracked 

Card table byte_map: [0x000001bf50660000,0x000001bf50e50000] _byte_map_base: 0x000001bf4ce4e000

Marking Bits (Prev, Next): (CMBitMap*) 0x000001bf390e7990, (CMBitMap*) 0x000001bf390e79d0
 Prev Bits: [0x000001bf51640000, 0x000001bf555b0000)
 Next Bits: [0x000001bf555b0000, 0x000001bf59520000)

Polling page: 0x000001bf36fe0000

Metaspace:

Usage:
  Non-class:     29.35 MB used.
      Class:      3.70 MB used.
       Both:     33.05 MB used.

Virtual space:
  Non-class space:       32.00 MB reserved,      29.56 MB ( 92%) committed,  4 nodes.
      Class space:        1.00 GB reserved,       3.81 MB ( <1%) committed,  1 nodes.
             Both:        1.03 GB reserved,      33.38 MB (  3%) committed. 

Chunk freelists:
   Non-Class:  2.28 MB
       Class:  4.13 MB
        Both:  6.41 MB

MaxMetaspaceSize: unlimited
CompressedClassSpaceSize: 1.00 GB
Initial GC threshold: 21.00 MB
Current GC threshold: 53.69 MB
CDS: on
MetaspaceReclaimPolicy: balanced
 - commit_granule_bytes: 65536.
 - commit_granule_words: 8192.
 - virtual_space_node_default_size: 1048576.
 - enlarge_chunks_in_place: 1.
 - new_chunks_are_fully_committed: 0.
 - uncommit_free_chunks: 1.
 - use_allocation_guard: 0.
 - handle_deallocations: 1.


Internal statistics:

num_allocs_failed_limit: 3.
num_arena_births: 274.
num_arena_deaths: 12.
num_vsnodes_births: 5.
num_vsnodes_deaths: 0.
num_space_committed: 570.
num_space_uncommitted: 36.
num_chunks_returned_to_freelist: 158.
num_chunks_taken_from_freelist: 1707.
num_chunk_merges: 51.
num_chunk_splits: 1138.
num_chunks_enlarged: 842.
num_purges: 2.
num_inconsistent_stats: 0.

CodeHeap 'non-profiled nmethods': size=120000Kb used=6115Kb max_used=6115Kb free=113884Kb
 bounds [0x000001bf483d0000, 0x000001bf489f0000, 0x000001bf4f900000]
CodeHeap 'profiled nmethods': size=120000Kb used=17505Kb max_used=17702Kb free=102494Kb
 bounds [0x000001bf40900000, 0x000001bf41a50000, 0x000001bf47e30000]
CodeHeap 'non-nmethods': size=5760Kb used=1243Kb max_used=1411Kb free=4516Kb
 bounds [0x000001bf47e30000, 0x000001bf480a0000, 0x000001bf483d0000]
 total_blobs=8447 nmethods=7894 adapters=465
 compilation: enabled
              stopped_count=0, restarted_count=0
 full_count=0

Compilation events (20 events):
Event: 11.843 Thread 0x000001bf5c1b0a50 9454       2       com.sun.tools.javac.tree.TreeInfo$DeclScanner::visitVarDef (25 bytes)
Event: 11.844 Thread 0x000001bf5c1b0a50 nmethod 9454 0x000001bf40e73b10 code [0x000001bf40e73ce0, 0x000001bf40e73ff8]
Event: 11.844 Thread 0x000001bf5c1b0a50 9455   !   2       com.sun.tools.javac.processing.JavacProcessingEnvironment$1::visitTopLevel (141 bytes)
Event: 11.844 Thread 0x000001bf5c1b0a50 nmethod 9455 0x000001bf40e72c90 code [0x000001bf40e72ec0, 0x000001bf40e736c8]
Event: 11.844 Thread 0x000001bf5c1b0a50 9456       2       com.sun.tools.javac.code.Symbol$PackageSymbol::reset (6 bytes)
Event: 11.844 Thread 0x000001bf5c1b0a50 nmethod 9456 0x000001bf40e72910 code [0x000001bf40e72aa0, 0x000001bf40e72bd8]
Event: 11.845 Thread 0x000001bf5c1b0a50 9457       2       com.sun.tools.javac.tree.JCTree$JCParens::accept (6 bytes)
Event: 11.845 Thread 0x000001bf5c1b0a50 nmethod 9457 0x000001bf40e72590 code [0x000001bf40e72720, 0x000001bf40e72848]
Event: 11.846 Thread 0x000001bf5c1b0a50 9458   !   2       com.sun.tools.javac.file.JavacFileManager$DirectoryContainer::getFileObject (43 bytes)
Event: 11.846 Thread 0x000001bf5c1b0a50 nmethod 9458 0x000001bf41408490 code [0x000001bf41408660, 0x000001bf41408918]
Event: 11.847 Thread 0x000001bf5c1b0a50 9459       2       com.sun.tools.javac.file.RelativePath$RelativeFile::forClass (41 bytes)
Event: 11.847 Thread 0x000001bf5c1b0a50 nmethod 9459 0x000001bf41407b10 code [0x000001bf41407d20, 0x000001bf414081c8]
Event: 11.847 Thread 0x000001bf5c1b0a50 9460       2       java.util.stream.FindOps$FindSink$OfRef$$Lambda$12/0x80000001b::get (8 bytes)
Event: 11.848 Thread 0x000001bf5c1b0a50 nmethod 9460 0x000001bf40e72190 code [0x000001bf40e72320, 0x000001bf40e72478]
Event: 11.848 Thread 0x000001bf5c1b0a50 9462       2       com.sun.tools.javac.comp.Enter::visitClassDef (908 bytes)
Event: 11.851 Thread 0x000001bf5c1b0a50 nmethod 9462 0x000001bf409ed810 code [0x000001bf409edd40, 0x000001bf409f0108]
Event: 11.851 Thread 0x000001bf5c1b0a50 9461       2       com.sun.tools.javac.tree.JCTree$Visitor::visitVarDef (6 bytes)
Event: 11.851 Thread 0x000001bf5c1b0a50 nmethod 9461 0x000001bf41407790 code [0x000001bf41407920, 0x000001bf41407a48]
Event: 11.851 Thread 0x000001bf5c1b0a50 9466       2       com.sun.tools.javac.code.DeferredLintHandler::immediate (8 bytes)
Event: 11.852 Thread 0x000001bf5c1b0a50 nmethod 9466 0x000001bf41407410 code [0x000001bf414075a0, 0x000001bf41407718]

GC Heap History (20 events):
Event: 8.003 GC heap after
{Heap after GC invocations=15 (full 0):
 garbage-first heap   total 245760K, used 93538K [0x0000000702400000, 0x0000000800000000)
  region size 2048K, 7 young (14336K), 7 survivors (14336K)
 Metaspace       used 32610K, committed 32960K, reserved 1081344K
  class space    used 3756K, committed 3904K, reserved 1048576K
}
Event: 8.903 GC heap before
{Heap before GC invocations=15 (full 0):
 garbage-first heap   total 245760K, used 171362K [0x0000000702400000, 0x0000000800000000)
  region size 2048K, 46 young (94208K), 7 survivors (14336K)
 Metaspace       used 34365K, committed 34752K, reserved 1081344K
  class space    used 3935K, committed 4096K, reserved 1048576K
}
Event: 8.907 GC heap after
{Heap after GC invocations=16 (full 0):
 garbage-first heap   total 245760K, used 88739K [0x0000000702400000, 0x0000000800000000)
  region size 2048K, 2 young (4096K), 2 survivors (4096K)
 Metaspace       used 34365K, committed 34752K, reserved 1081344K
  class space    used 3935K, committed 4096K, reserved 1048576K
}
Event: 9.316 GC heap before
{Heap before GC invocations=16 (full 0):
 garbage-first heap   total 245760K, used 146083K [0x0000000702400000, 0x0000000800000000)
  region size 2048K, 21 young (43008K), 2 survivors (4096K)
 Metaspace       used 34550K, committed 34944K, reserved 1081344K
  class space    used 3948K, committed 4096K, reserved 1048576K
}
Event: 9.320 GC heap after
{Heap after GC invocations=17 (full 0):
 garbage-first heap   total 245760K, used 112227K [0x0000000702400000, 0x0000000800000000)
  region size 2048K, 4 young (8192K), 4 survivors (8192K)
 Metaspace       used 34550K, committed 34944K, reserved 1081344K
  class space    used 3948K, committed 4096K, reserved 1048576K
}
Event: 9.329 GC heap before
{Heap before GC invocations=17 (full 0):
 garbage-first heap   total 245760K, used 124515K [0x0000000702400000, 0x0000000800000000)
  region size 2048K, 5 young (10240K), 4 survivors (8192K)
 Metaspace       used 34573K, committed 34944K, reserved 1081344K
  class space    used 3950K, committed 4096K, reserved 1048576K
}
Event: 9.332 GC heap after
{Heap after GC invocations=18 (full 0):
 garbage-first heap   total 245760K, used 92083K [0x0000000702400000, 0x0000000800000000)
  region size 2048K, 3 young (6144K), 3 survivors (6144K)
 Metaspace       used 34573K, committed 34944K, reserved 1081344K
  class space    used 3950K, committed 4096K, reserved 1048576K
}
Event: 9.334 GC heap before
{Heap before GC invocations=18 (full 0):
 garbage-first heap   total 245760K, used 112563K [0x0000000702400000, 0x0000000800000000)
  region size 2048K, 4 young (8192K), 3 survivors (6144K)
 Metaspace       used 34573K, committed 34944K, reserved 1081344K
  class space    used 3950K, committed 4096K, reserved 1048576K
}
Event: 9.337 GC heap after
{Heap after GC invocations=19 (full 0):
 garbage-first heap   total 245760K, used 112466K [0x0000000702400000, 0x0000000800000000)
  region size 2048K, 3 young (6144K), 3 survivors (6144K)
 Metaspace       used 34573K, committed 34944K, reserved 1081344K
  class space    used 3950K, committed 4096K, reserved 1048576K
}
Event: 10.378 GC heap before
{Heap before GC invocations=19 (full 0):
 garbage-first heap   total 245760K, used 206674K [0x0000000702400000, 0x0000000800000000)
  region size 2048K, 43 young (88064K), 3 survivors (6144K)
 Metaspace       used 34832K, committed 35200K, reserved 1081344K
  class space    used 3952K, committed 4096K, reserved 1048576K
}
Event: 10.387 GC heap after
{Heap after GC invocations=20 (full 0):
 garbage-first heap   total 245760K, used 121534K [0x0000000702400000, 0x0000000800000000)
  region size 2048K, 6 young (12288K), 6 survivors (12288K)
 Metaspace       used 34832K, committed 35200K, reserved 1081344K
  class space    used 3952K, committed 4096K, reserved 1048576K
}
Event: 10.679 GC heap before
{Heap before GC invocations=20 (full 0):
 garbage-first heap   total 245760K, used 152254K [0x0000000702400000, 0x0000000800000000)
  region size 2048K, 22 young (45056K), 6 survivors (12288K)
 Metaspace       used 34899K, committed 35264K, reserved 1081344K
  class space    used 3954K, committed 4096K, reserved 1048576K
}
Event: 10.686 GC heap after
{Heap after GC invocations=21 (full 0):
 garbage-first heap   total 245760K, used 130953K [0x0000000702400000, 0x0000000800000000)
  region size 2048K, 4 young (8192K), 4 survivors (8192K)
 Metaspace       used 34899K, committed 35264K, reserved 1081344K
  class space    used 3954K, committed 4096K, reserved 1048576K
}
Event: 11.385 GC heap before
{Heap before GC invocations=22 (full 0):
 garbage-first heap   total 245760K, used 182153K [0x0000000702400000, 0x0000000800000000)
  region size 2048K, 30 young (61440K), 4 survivors (8192K)
 Metaspace       used 33309K, committed 33728K, reserved 1081344K
  class space    used 3740K, committed 3904K, reserved 1048576K
}
Event: 11.391 GC heap after
{Heap after GC invocations=23 (full 0):
 garbage-first heap   total 245760K, used 133638K [0x0000000702400000, 0x0000000800000000)
  region size 2048K, 2 young (4096K), 2 survivors (4096K)
 Metaspace       used 33309K, committed 33728K, reserved 1081344K
  class space    used 3740K, committed 3904K, reserved 1048576K
}
Event: 11.438 GC heap before
{Heap before GC invocations=23 (full 0):
 garbage-first heap   total 245760K, used 139782K [0x0000000702400000, 0x0000000800000000)
  region size 2048K, 6 young (12288K), 2 survivors (4096K)
 Metaspace       used 33371K, committed 33728K, reserved 1081344K
  class space    used 3746K, committed 3904K, reserved 1048576K
}
Event: 11.442 GC heap after
{Heap after GC invocations=24 (full 0):
 garbage-first heap   total 245760K, used 111953K [0x0000000702400000, 0x0000000800000000)
  region size 2048K, 1 young (2048K), 1 survivors (2048K)
 Metaspace       used 33371K, committed 33728K, reserved 1081344K
  class space    used 3746K, committed 3904K, reserved 1048576K
}
Event: 11.515 GC heap before
{Heap before GC invocations=24 (full 0):
 garbage-first heap   total 245760K, used 122193K [0x0000000702400000, 0x0000000800000000)
  region size 2048K, 6 young (12288K), 1 survivors (2048K)
 Metaspace       used 33610K, committed 33920K, reserved 1081344K
  class space    used 3781K, committed 3904K, reserved 1048576K
}
Event: 11.518 GC heap after
{Heap after GC invocations=25 (full 0):
 garbage-first heap   total 245760K, used 106612K [0x0000000702400000, 0x0000000800000000)
  region size 2048K, 1 young (2048K), 1 survivors (2048K)
 Metaspace       used 33610K, committed 33920K, reserved 1081344K
  class space    used 3781K, committed 3904K, reserved 1048576K
}
Event: 11.852 GC heap before
{Heap before GC invocations=25 (full 0):
 garbage-first heap   total 245760K, used 180340K [0x0000000702400000, 0x0000000800000000)
  region size 2048K, 37 young (75776K), 1 survivors (2048K)
 Metaspace       used 33841K, committed 34176K, reserved 1081344K
  class space    used 3787K, committed 3904K, reserved 1048576K
}

Deoptimization events (20 events):
Event: 11.742 Thread 0x000001bf39079ee0 Uncommon trap: trap_request=0xffffffc6 fr.pc=0x000001bf485f5aa8 relative=0x00000000000004c8
Event: 11.742 Thread 0x000001bf39079ee0 Uncommon trap: reason=bimorphic_or_optimized_type_check action=maybe_recompile pc=0x000001bf485f5aa8 method=lombok.javac.JavacNode.traverse(Llombok/javac/JavacASTVisitor;)V @ 193 c2
Event: 11.742 Thread 0x000001bf39079ee0 DEOPT PACKING pc=0x000001bf485f5aa8 sp=0x0000007cd64fcb60
Event: 11.742 Thread 0x000001bf39079ee0 DEOPT UNPACKING pc=0x000001bf47e823a3 sp=0x0000007cd64fcaf8 mode 2
Event: 11.742 Thread 0x000001bf39079ee0 Uncommon trap: trap_request=0xffffffc6 fr.pc=0x000001bf485f5e1c relative=0x000000000000083c
Event: 11.742 Thread 0x000001bf39079ee0 Uncommon trap: reason=bimorphic_or_optimized_type_check action=maybe_recompile pc=0x000001bf485f5e1c method=lombok.javac.JavacNode.traverse(Llombok/javac/JavacASTVisitor;)V @ 369 c2
Event: 11.742 Thread 0x000001bf39079ee0 DEOPT PACKING pc=0x000001bf485f5e1c sp=0x0000007cd64fca80
Event: 11.742 Thread 0x000001bf39079ee0 DEOPT UNPACKING pc=0x000001bf47e823a3 sp=0x0000007cd64fca18 mode 2
Event: 11.742 Thread 0x000001bf39079ee0 Uncommon trap: trap_request=0xffffffc6 fr.pc=0x000001bf485f5e1c relative=0x000000000000083c
Event: 11.742 Thread 0x000001bf39079ee0 Uncommon trap: reason=bimorphic_or_optimized_type_check action=maybe_recompile pc=0x000001bf485f5e1c method=lombok.javac.JavacNode.traverse(Llombok/javac/JavacASTVisitor;)V @ 369 c2
Event: 11.742 Thread 0x000001bf39079ee0 DEOPT PACKING pc=0x000001bf485f5e1c sp=0x0000007cd64fc9a0
Event: 11.742 Thread 0x000001bf39079ee0 DEOPT UNPACKING pc=0x000001bf47e823a3 sp=0x0000007cd64fc938 mode 2
Event: 11.755 Thread 0x000001bf39079ee0 DEOPT PACKING pc=0x000001bf4167bc6e sp=0x0000007cd64fcbb0
Event: 11.755 Thread 0x000001bf39079ee0 DEOPT UNPACKING pc=0x000001bf47e82b43 sp=0x0000007cd64fc140 mode 0
Event: 11.757 Thread 0x000001bf39079ee0 DEOPT PACKING pc=0x000001bf4161caf3 sp=0x0000007cd64fc990
Event: 11.757 Thread 0x000001bf39079ee0 DEOPT UNPACKING pc=0x000001bf47e82b43 sp=0x0000007cd64fbe08 mode 0
Event: 11.772 Thread 0x000001bf39079ee0 DEOPT PACKING pc=0x000001bf4167bc6e sp=0x0000007cd64fcbb0
Event: 11.772 Thread 0x000001bf39079ee0 DEOPT UNPACKING pc=0x000001bf47e82b43 sp=0x0000007cd64fc140 mode 0
Event: 11.852 Thread 0x000001bf39079ee0 DEOPT PACKING pc=0x000001bf4158334c sp=0x0000007cd64fc210
Event: 11.852 Thread 0x000001bf39079ee0 DEOPT UNPACKING pc=0x000001bf47e82b43 sp=0x0000007cd64fb6d8 mode 0

Classes unloaded (20 events):
Event: 10.726 Thread 0x000001bf5c1946f0 Unloading class 0x0000000800f7ac00 'lombok/javac/apt/LombokFileObject'
Event: 10.726 Thread 0x000001bf5c1946f0 Unloading class 0x0000000800f7aa00 'lombok/javac/apt/LombokFileObjects'
Event: 10.726 Thread 0x000001bf5c1946f0 Unloading class 0x0000000800f7a7c8 'lombok/javac/apt/MessagerDiagnosticsReceiver'
Event: 10.726 Thread 0x000001bf5c1946f0 Unloading class 0x0000000800f7a420 'lombok/javac/apt/InterceptingJavaFileManager'
Event: 10.726 Thread 0x000001bf5c1946f0 Unloading class 0x0000000800f7a218 'lombok/permit/dummy/Parent'
Event: 10.726 Thread 0x000001bf5c1946f0 Unloading class 0x0000000800f7a000 'lombok/core/CleanupRegistry'
Event: 10.726 Thread 0x000001bf5c1946f0 Unloading class 0x0000000800f79ce8 'lombok/permit/Permit$Fake'
Event: 10.726 Thread 0x000001bf5c1946f0 Unloading class 0x0000000800f79ae8 'lombok/permit/Permit'
Event: 10.726 Thread 0x000001bf5c1946f0 Unloading class 0x0000000800f78d88 'lombok/core/DiagnosticsReceiver'
Event: 10.726 Thread 0x000001bf5c1946f0 Unloading class 0x0000000800f79800 'lombok/javac/apt/LombokProcessor$1'
Event: 10.726 Thread 0x000001bf5c1946f0 Unloading class 0x0000000800f78af0 'lombok/javac/apt/LombokProcessor'
Event: 10.726 Thread 0x000001bf5c1946f0 Unloading class 0x0000000800f788c0 'lombok/core/AnnotationProcessor$EcjDescriptor'
Event: 10.726 Thread 0x000001bf5c1946f0 Unloading class 0x0000000800f78688 'lombok/core/AnnotationProcessor$JavacDescriptor'
Event: 10.726 Thread 0x000001bf5c1946f0 Unloading class 0x0000000800f78280 'lombok/core/AnnotationProcessor$ProcessorDescriptor'
Event: 10.726 Thread 0x000001bf5c1946f0 Unloading class 0x0000000800f78000 'lombok/core/AnnotationProcessor'
Event: 10.726 Thread 0x000001bf5c1946f0 Unloading class 0x0000000800f79200 'lombok/launch/AnnotationProcessorHider$ClaimingProcessor'
Event: 10.726 Thread 0x000001bf5c1946f0 Unloading class 0x0000000800f79000 'lombok/launch/AnnotationProcessorHider$AstModificationNotifierData'
Event: 10.726 Thread 0x000001bf5c1946f0 Unloading class 0x0000000800f50480 'lombok/launch/ShadowClassLoader'
Event: 10.726 Thread 0x000001bf5c1946f0 Unloading class 0x0000000800f50280 'lombok/launch/Main'
Event: 10.726 Thread 0x000001bf5c1946f0 Unloading class 0x0000000800f50000 'lombok/launch/AnnotationProcessorHider$AnnotationProcessor'

Classes redefined (0 events):
No events

Internal exceptions (20 events):
Event: 11.601 Thread 0x000001bf39079ee0 Exception <a 'sun/nio/fs/WindowsException'{0x000000070fc6b650}> (0x000000070fc6b650) 
thrown [s\open\src\hotspot\share\prims\jni.cpp, line 516]
Event: 11.601 Thread 0x000001bf39079ee0 Exception <a 'sun/nio/fs/WindowsException'{0x000000070fc6bbc8}> (0x000000070fc6bbc8) 
thrown [s\open\src\hotspot\share\prims\jni.cpp, line 516]
Event: 11.676 Thread 0x000001bf39079ee0 Exception <a 'sun/nio/fs/WindowsException'{0x000000070f17b7c0}> (0x000000070f17b7c0) 
thrown [s\open\src\hotspot\share\prims\jni.cpp, line 516]
Event: 11.676 Thread 0x000001bf39079ee0 Exception <a 'sun/nio/fs/WindowsException'{0x000000070f17bc78}> (0x000000070f17bc78) 
thrown [s\open\src\hotspot\share\prims\jni.cpp, line 516]
Event: 11.676 Thread 0x000001bf39079ee0 Exception <a 'sun/nio/fs/WindowsException'{0x000000070f17cd88}> (0x000000070f17cd88) 
thrown [s\open\src\hotspot\share\prims\jni.cpp, line 516]
Event: 11.676 Thread 0x000001bf39079ee0 Exception <a 'sun/nio/fs/WindowsException'{0x000000070f17d348}> (0x000000070f17d348) 
thrown [s\open\src\hotspot\share\prims\jni.cpp, line 516]
Event: 11.676 Thread 0x000001bf39079ee0 Exception <a 'sun/nio/fs/WindowsException'{0x000000070f17e4c0}> (0x000000070f17e4c0) 
thrown [s\open\src\hotspot\share\prims\jni.cpp, line 516]
Event: 11.676 Thread 0x000001bf39079ee0 Exception <a 'sun/nio/fs/WindowsException'{0x000000070f17e990}> (0x000000070f17e990) 
thrown [s\open\src\hotspot\share\prims\jni.cpp, line 516]
Event: 11.789 Thread 0x000001bf39079ee0 Exception <a 'sun/nio/fs/WindowsException'{0x000000070d91a870}> (0x000000070d91a870) 
thrown [s\open\src\hotspot\share\prims\jni.cpp, line 516]
Event: 11.789 Thread 0x000001bf39079ee0 Exception <a 'sun/nio/fs/WindowsException'{0x000000070d91ad28}> (0x000000070d91ad28) 
thrown [s\open\src\hotspot\share\prims\jni.cpp, line 516]
Event: 11.789 Thread 0x000001bf39079ee0 Exception <a 'sun/nio/fs/WindowsException'{0x000000070d91be38}> (0x000000070d91be38) 
thrown [s\open\src\hotspot\share\prims\jni.cpp, line 516]
Event: 11.789 Thread 0x000001bf39079ee0 Exception <a 'sun/nio/fs/WindowsException'{0x000000070d91c3f8}> (0x000000070d91c3f8) 
thrown [s\open\src\hotspot\share\prims\jni.cpp, line 516]
Event: 11.789 Thread 0x000001bf39079ee0 Exception <a 'sun/nio/fs/WindowsException'{0x000000070d91d570}> (0x000000070d91d570) 
thrown [s\open\src\hotspot\share\prims\jni.cpp, line 516]
Event: 11.789 Thread 0x000001bf39079ee0 Exception <a 'sun/nio/fs/WindowsException'{0x000000070d91da40}> (0x000000070d91da40) 
thrown [s\open\src\hotspot\share\prims\jni.cpp, line 516]
Event: 11.846 Thread 0x000001bf39079ee0 Exception <a 'sun/nio/fs/WindowsException'{0x000000070cad0ac0}> (0x000000070cad0ac0) 
thrown [s\open\src\hotspot\share\prims\jni.cpp, line 516]
Event: 11.846 Thread 0x000001bf39079ee0 Exception <a 'sun/nio/fs/WindowsException'{0x000000070cad0f78}> (0x000000070cad0f78) 
thrown [s\open\src\hotspot\share\prims\jni.cpp, line 516]
Event: 11.847 Thread 0x000001bf39079ee0 Exception <a 'sun/nio/fs/WindowsException'{0x000000070cad2088}> (0x000000070cad2088) 
thrown [s\open\src\hotspot\share\prims\jni.cpp, line 516]
Event: 11.847 Thread 0x000001bf39079ee0 Exception <a 'sun/nio/fs/WindowsException'{0x000000070cad2648}> (0x000000070cad2648) 
thrown [s\open\src\hotspot\share\prims\jni.cpp, line 516]
Event: 11.847 Thread 0x000001bf39079ee0 Exception <a 'sun/nio/fs/WindowsException'{0x000000070cad37c0}> (0x000000070cad37c0) 
thrown [s\open\src\hotspot\share\prims\jni.cpp, line 516]
Event: 11.847 Thread 0x000001bf39079ee0 Exception <a 'sun/nio/fs/WindowsException'{0x000000070cad3c90}> (0x000000070cad3c90) 
thrown [s\open\src\hotspot\share\prims\jni.cpp, line 516]

VM Operations (20 events):
Event: 10.113 Executing VM operation: HandshakeAllThreads done
Event: 10.378 Executing VM operation: G1CollectForAllocation
Event: 10.387 Executing VM operation: G1CollectForAllocation done
Event: 10.675 Executing VM operation: HandshakeAllThreads
Event: 10.675 Executing VM operation: HandshakeAllThreads done
Event: 10.679 Executing VM operation: G1TryInitiateConcMark
Event: 10.686 Executing VM operation: G1TryInitiateConcMark done
Event: 10.723 Executing VM operation: G1Concurrent
Event: 10.735 Executing VM operation: G1Concurrent done
Event: 10.752 Executing VM operation: G1Concurrent
Event: 10.753 Executing VM operation: G1Concurrent done
Event: 11.385 Executing VM operation: G1CollectForAllocation
Event: 11.391 Executing VM operation: G1CollectForAllocation done
Event: 11.438 Executing VM operation: G1CollectForAllocation
Event: 11.442 Executing VM operation: G1CollectForAllocation done
Event: 11.515 Executing VM operation: G1CollectForAllocation
Event: 11.518 Executing VM operation: G1CollectForAllocation done
Event: 11.822 Executing VM operation: ICBufferFull
Event: 11.822 Executing VM operation: ICBufferFull done
Event: 11.852 Executing VM operation: G1CollectForAllocation

Events (20 events):
Event: 10.129 Thread 0x000001bf5c1b3360 flushing nmethod 0x000001bf417df390
Event: 10.129 Thread 0x000001bf5c1b3360 flushing nmethod 0x000001bf417e3090
Event: 10.129 Thread 0x000001bf5c1b3360 flushing nmethod 0x000001bf417e6f90
Event: 10.129 Thread 0x000001bf5c1b3360 flushing nmethod 0x000001bf417e9210
Event: 10.129 Thread 0x000001bf5c1b3360 flushing nmethod 0x000001bf41869810
Event: 10.129 Thread 0x000001bf5c1b3360 flushing nmethod 0x000001bf4186e110
Event: 10.129 Thread 0x000001bf5c1b3360 flushing nmethod 0x000001bf418a9810
Event: 10.129 Thread 0x000001bf5c1b3360 flushing nmethod 0x000001bf418aa710
Event: 10.129 Thread 0x000001bf5c1b3360 flushing nmethod 0x000001bf418d6c10
Event: 10.130 Thread 0x000001bf5c1b3360 flushing nmethod 0x000001bf41995c10
Event: 10.130 Thread 0x000001bf5c1b3360 flushing nmethod 0x000001bf419bd590
Event: 10.130 Thread 0x000001bf5c1b3360 flushing nmethod 0x000001bf419f5710
Event: 10.268 loading class jdk/internal/misc/ScopedMemoryAccess$Scope$Handle
Event: 10.268 loading class jdk/internal/misc/ScopedMemoryAccess$Scope$Handle done
Event: 10.315 Thread 0x000001bf5d652100 Thread added: 0x000001bf5d652100
Event: 10.549 Thread 0x000001bf5d6507b0 Thread added: 0x000001bf5d6507b0
Event: 10.804 loading class jdk/internal/module/IllegalAccessLogger
Event: 10.804 loading class jdk/internal/module/IllegalAccessLogger done
Event: 10.989 Thread 0x000001bf5d6507b0 Thread exited: 0x000001bf5d6507b0
Event: 11.399 Thread 0x000001bf5d6516e0 Thread added: 0x000001bf5d6516e0


Dynamic libraries:
0x00007ff60d4f0000 - 0x00007ff60d500000 	E:\Java\Java17\bin\java.exe
0x00007ffd8c300000 - 0x00007ffd8c509000 	C:\WINDOWS\SYSTEM32\ntdll.dll
0x00007ffd8a430000 - 0x00007ffd8a4ed000 	C:\WINDOWS\System32\KERNEL32.DLL
0x00007ffd89b90000 - 0x00007ffd89f14000 	C:\WINDOWS\System32\KERNELBASE.dll
0x00007ffd89a70000 - 0x00007ffd89b81000 	C:\WINDOWS\System32\ucrtbase.dll
0x00007ffd7c550000 - 0x00007ffd7c56b000 	E:\Java\Java17\bin\VCRUNTIME140.dll
0x00007ffd7c450000 - 0x00007ffd7c468000 	E:\Java\Java17\bin\jli.dll
0x00007ffd8a870000 - 0x00007ffd8a91e000 	C:\WINDOWS\System32\ADVAPI32.dll
0x00007ffd8b220000 - 0x00007ffd8b2c3000 	C:\WINDOWS\System32\msvcrt.dll
0x00007ffd8b040000 - 0x00007ffd8b0de000 	C:\WINDOWS\System32\sechost.dll
0x00007ffd8b0f0000 - 0x00007ffd8b211000 	C:\WINDOWS\System32\RPCRT4.dll
0x00007ffd8c110000 - 0x00007ffd8c2bd000 	C:\WINDOWS\System32\USER32.dll
0x00007ffd89830000 - 0x00007ffd89856000 	C:\WINDOWS\System32\win32u.dll
0x00007ffd6e8f0000 - 0x00007ffd6eb95000 	C:\WINDOWS\WinSxS\amd64_microsoft.windows.common-controls_6595b64144ccf1df_6.0.22000.120_none_9d947278b86cc467\COMCTL32.dll
0x00007ffd8b320000 - 0x00007ffd8b34a000 	C:\WINDOWS\System32\GDI32.dll
0x00007ffd89950000 - 0x00007ffd89a6e000 	C:\WINDOWS\System32\gdi32full.dll
0x00007ffd89790000 - 0x00007ffd8982d000 	C:\WINDOWS\System32\msvcp_win.dll
0x00007ffd89220000 - 0x00007ffd8922a000 	C:\WINDOWS\SYSTEM32\VERSION.dll
0x00007ffd8b2d0000 - 0x00007ffd8b301000 	C:\WINDOWS\System32\IMM32.DLL
0x0000000070160000 - 0x000000007016d000 	F:\360\360Safe\safemon\SafeWrapper.dll
0x00007ffd83c40000 - 0x00007ffd83c4c000 	E:\Java\Java17\bin\vcruntime140_1.dll
0x00007ffd79800000 - 0x00007ffd7988e000 	E:\Java\Java17\bin\msvcp140.dll
0x00007ffd259e0000 - 0x00007ffd265b7000 	E:\Java\Java17\bin\server\jvm.dll
0x00007ffd8c100000 - 0x00007ffd8c108000 	C:\WINDOWS\System32\PSAPI.DLL
0x00007ffd6b440000 - 0x00007ffd6b449000 	C:\WINDOWS\SYSTEM32\WSOCK32.dll
0x00007ffd8bfc0000 - 0x00007ffd8c02f000 	C:\WINDOWS\System32\WS2_32.dll
0x00007ffd83700000 - 0x00007ffd83733000 	C:\WINDOWS\SYSTEM32\WINMM.dll
0x00007ffd88840000 - 0x00007ffd88858000 	C:\WINDOWS\SYSTEM32\kernel.appcore.dll
0x00007ffd83ad0000 - 0x00007ffd83ada000 	E:\Java\Java17\bin\jimage.dll
0x00007ffd7b450000 - 0x00007ffd7b671000 	C:\WINDOWS\SYSTEM32\DBGHELP.DLL
0x00007ffd7d490000 - 0x00007ffd7d4c1000 	C:\WINDOWS\SYSTEM32\dbgcore.DLL
0x00007ffd898d0000 - 0x00007ffd8994f000 	C:\WINDOWS\System32\bcryptPrimitives.dll
0x00007ffd83480000 - 0x00007ffd8348e000 	E:\Java\Java17\bin\instrument.dll
0x00007ffd7bcd0000 - 0x00007ffd7bcf5000 	E:\Java\Java17\bin\java.dll
0x00007ffd78ea0000 - 0x00007ffd78f77000 	E:\Java\Java17\bin\jsvml.dll
0x00007ffd8b440000 - 0x00007ffd8bc05000 	C:\WINDOWS\System32\SHELL32.dll
0x00007ffd87790000 - 0x00007ffd87ff2000 	C:\WINDOWS\SYSTEM32\windows.storage.dll
0x00007ffd8a4f0000 - 0x00007ffd8a866000 	C:\WINDOWS\System32\combase.dll
0x00007ffd87620000 - 0x00007ffd87787000 	C:\WINDOWS\SYSTEM32\wintypes.dll
0x00007ffd8b350000 - 0x00007ffd8b43a000 	C:\WINDOWS\System32\SHCORE.dll
0x00007ffd8ada0000 - 0x00007ffd8adfd000 	C:\WINDOWS\System32\shlwapi.dll
0x00007ffd896c0000 - 0x00007ffd896e5000 	C:\WINDOWS\SYSTEM32\profapi.dll
0x00007ffd79980000 - 0x00007ffd79998000 	E:\Java\Java17\bin\zip.dll
0x00007ffd7c410000 - 0x00007ffd7c429000 	E:\Java\Java17\bin\net.dll
0x00007ffd83c80000 - 0x00007ffd83d94000 	C:\WINDOWS\SYSTEM32\WINHTTP.dll
0x00007ffd88ce0000 - 0x00007ffd88d47000 	C:\WINDOWS\system32\mswsock.dll
0x00007ffd799a0000 - 0x00007ffd799b6000 	E:\Java\Java17\bin\nio.dll
0x00007ffd796c0000 - 0x00007ffd796da000 	E:\IDEA\IntelliJ IDEA 2023.2\bin\breakgen64.dll
0x0000000069ac0000 - 0x0000000069ae4000 	C:\Users\21288\AppData\Local\Temp\jansi-2.4.0-4f528fabedff04ab-jansi.dll
0x00007ffd813a0000 - 0x00007ffd813b0000 	E:\Java\Java17\bin\verify.dll

dbghelp: loaded successfully - version: 4.0.5 - missing functions: none
symbol engine: initialized successfully - sym options: 0x614 - pdb path: .;E:\Java\Java17\bin;C:\WINDOWS\SYSTEM32;C:\WINDOWS\WinSxS\amd64_microsoft.windows.common-controls_6595b64144ccf1df_6.0.22000.120_none_9d947278b86cc467;F:\360\360Safe\safemon;E:\Java\Java17\bin\server;E:\IDEA\IntelliJ IDEA 2023.2\bin;C:\Users\21288\AppData\Local\Temp

VM Arguments:
jvm_args: -Dmaven.multiModuleProjectDirectory=D:\学习\教科书\JAVA\材料\spzx-server -Djansi.passthrough=true -Dmaven.home=E:\Maven\apache-maven-3.9.4 -Dclassworlds.conf=E:\Maven\apache-maven-3.9.4\bin\m2.conf -Dmaven.ext.class.path=E:\IDEA\IntelliJ IDEA 2023.2\plugins\maven\lib\maven-event-listener.jar -javaagent:E:\IDEA\IntelliJ IDEA 2023.2\lib\idea_rt.jar=56204:E:\IDEA\IntelliJ IDEA 2023.2\bin -Dfile.encoding=UTF-8 
java_command: org.codehaus.classworlds.Launcher -Didea.version=2023.2 -s E:\Maven\apache-maven-3.9.4\conf\settings.xml -Dmaven.repo.local=C:\Users\21288\.m2\repository -DskipTests=true package
java_class_path (initial): E:\Maven\apache-maven-3.9.4\boot\plexus-classworlds-2.7.0.jar;E:\Maven\apache-maven-3.9.4\boot\plexus-classworlds.license
Launcher Type: SUN_STANDARD

[Global flags]
     intx CICompilerCount                          = 4                                         {product} {ergonomic}
     uint ConcGCThreads                            = 3                                         {product} {ergonomic}
     uint G1ConcRefinementThreads                  = 10                                        {product} {ergonomic}
   size_t G1HeapRegionSize                         = 2097152                                   {product} {ergonomic}
    uintx GCDrainStackTargetSize                   = 64                                        {product} {ergonomic}
   size_t InitialHeapSize                          = 266338304                                 {product} {ergonomic}
   size_t MarkStackSize                            = 4194304                                   {product} {ergonomic}
   size_t MaxHeapSize                              = 4257218560                                {product} {ergonomic}
   size_t MaxNewSize                               = 2554331136                                {product} {ergonomic}
   size_t MinHeapDeltaBytes                        = 2097152                                   {product} {ergonomic}
   size_t MinHeapSize                              = 8388608                                   {product} {ergonomic}
    uintx NonNMethodCodeHeapSize                   = 5839372                                {pd product} {ergonomic}
    uintx NonProfiledCodeHeapSize                  = 122909434                              {pd product} {ergonomic}
    uintx ProfiledCodeHeapSize                     = 122909434                              {pd product} {ergonomic}
    uintx ReservedCodeCacheSize                    = 251658240                              {pd product} {ergonomic}
     bool SegmentedCodeCache                       = true                                      {product} {ergonomic}
   size_t SoftMaxHeapSize                          = 4257218560                             {manageable} {ergonomic}
     bool UseCompressedClassPointers               = true                           {product lp64_product} {ergonomic}
     bool UseCompressedOops                        = true                           {product lp64_product} {ergonomic}
     bool UseG1GC                                  = true                                      {product} {ergonomic}
     bool UseLargePagesIndividualAllocation        = false                                  {pd product} {ergonomic}

Logging:
Log output configuration:
 #0: stdout all=warning uptime,level,tags
 #1: stderr all=off uptime,level,tags

Environment Variables:
JAVA_HOME=E:\Java\Java17
PATH=C:\Program Files\Common Files\Oracle\Java\javapath;E:\texlive\texlive\2022\bin\win32;C:\Program Files (x86)\Common Files\Oracle\Java\javapath;C:\Program Files\NVIDIA Corporation\NVIDIA NvDLISR;F:\matlab2019\runtime\win64;F:\matlab2019\bin;F:\matlab2019\polyspace\bin;C:\Program Files\dotnet\;C:\WINDOWS\system32;C:\WINDOWS;C:\WINDOWS\System32\Wbem;C:\WINDOWS\System32\WindowsPowerShell\v1.0\;C:\WINDOWS\System32\OpenSSH\;C:\Program Files\Microsoft SQL Server\120\Tools\Binn\;C:\Program Files\MySQL\MySQL Server 8.0\bin;C:\Program Files\nodejs\;%CATALINA_HOME%\bin;E:\Maven\apache-maven-3.9.4\bin;E:\Git\cmd;E:\Erlang\Erlang OTP\bin;E:\RabbitMQ\rabbitmq_server-3.12.10\\sbin;E:\Redis\;;E:\WinSCP\WinSCP\;C:\Program Files\MySQL\MySQL Shell 8.0\bin\;E:\Python\Scripts\;E:\Python\;C:\Users\21288\AppData\Local\Microsoft\WindowsApps;C:\altera\13.0sp1\modelsim_ase\win32aloem;E:\Bandizip\;C:\Users\21288\.dotnet\tools;E:\Java\Java17\bin;C:\Users\21288\AppData\Roaming\npm;E:\Microsoft VS Code\bin;C:\Users\21288\AppData\Local\GitHubDesktop\bin
USERNAME=yogi
OS=Windows_NT
PROCESSOR_IDENTIFIER=Intel64 Family 6 Model 158 Stepping 10, GenuineIntel



---------------  S Y S T E M  ---------------

OS:
 Windows 11 , 64 bit Build 22000 (10.0.22000.2538)
OS uptime: 73 days 22:01 hours
Hyper-V role detected

CPU: total 12 (initial active 12) (6 cores per cpu, 2 threads per core) family 6 model 158 stepping 10 microcode 0xde, cx8, cmov, fxsr, ht, mmx, 3dnowpref, sse, sse2, sse3, ssse3, sse4.1, sse4.2, popcnt, lzcnt, tsc, tscinvbit, avx, avx2, aes, erms, clmul, bmi1, bmi2, adx, fma, vzeroupper, clflush, clflushopt, hv

Memory: 4k page, system-wide physical 16239M (3121M free)
TotalPageFile size 31375M (AvailPageFile size 54M)
current process WorkingSet (physical memory assigned to process): 428M, peak: 449M
current process commit charge ("private bytes"): 484M, peak: 913M

vm_info: Java HotSpot(TM) 64-Bit Server VM (17.0.6+9-LTS-190) for windows-amd64 JRE (17.0.6+9-LTS-190), built on Dec  6 2022 15:53:54 by "mach5one" with MS VC++ 17.1 (VS2022)

END.
