#
# There is insufficient memory for the Java Runtime Environment to continue.
# Native memory allocation (malloc) failed to allocate 2202416 bytes for Chunk::new
# Possible reasons:
#   The system is out of physical RAM or swap space
#   The process is running with CompressedOops enabled, and the Java Heap may be blocking the growth of the native heap
# Possible solutions:
#   Reduce memory load on the system
#   Increase physical memory or swap space
#   Check if swap backing store is full
#   Decrease Java heap size (-Xmx/-Xms)
#   Decrease number of Java threads
#   Decrease Java thread stack sizes (-Xss)
#   Set larger code cache with -XX:ReservedCodeCacheSize=
#   JVM is running with Zero Based Compressed Oops mode in which the Java heap is
#     placed in the first 32GB address space. The Java Heap base address is the
#     maximum limit for the native heap growth. Please use -XX:HeapBaseMinAddress
#     to set the Java Heap base and to place the Java Heap above 32GB virtual address.
# This output file may be truncated or incomplete.
#
#  Out of Memory Error (arena.cpp:189), pid=29504, tid=2928
#
# JRE version: Java(TM) SE Runtime Environment (17.0.6+9) (build 17.0.6+9-LTS-190)
# Java VM: Java HotSpot(TM) 64-Bit Server VM (17.0.6+9-LTS-190, mixed mode, sharing, tiered, compressed oops, compressed class ptrs, g1 gc, windows-amd64)
# No core dump will be written. Minidumps are not enabled by default on client versions of Windows
#

---------------  S U M M A R Y ------------

Command Line: -Dmaven.multiModuleProjectDirectory=D:\学习\教科书\JAVA\材料\spzx-server -Djansi.passthrough=true -Dmaven.home=E:\Maven\apache-maven-3.9.4 -Dclassworlds.conf=E:\Maven\apache-maven-3.9.4\bin\m2.conf -Dmaven.ext.class.path=E:\IDEA\IntelliJ IDEA 2023.2\plugins\maven\lib\maven-event-listener.jar -javaagent:E:\IDEA\IntelliJ IDEA 2023.2\lib\idea_rt.jar=56224:E:\IDEA\IntelliJ IDEA 2023.2\bin -Dfile.encoding=UTF-8 org.codehaus.classworlds.Launcher -Didea.version=2023.2 -s E:\Maven\apache-maven-3.9.4\conf\settings.xml -Dmaven.repo.local=C:\Users\21288\.m2\repository -DskipTests=true package

Host: Intel(R) Core(TM) i7-8750H CPU @ 2.20GHz, 12 cores, 15G,  Windows 11 , 64 bit Build 22000 (10.0.22000.2538)
Time: Sat Mar  9 21:27:36 2024  Windows 11 , 64 bit Build 22000 (10.0.22000.2538) elapsed time: 12.325057 seconds (0d 0h 0m 12s)

---------------  T H R E A D  ---------------

Current thread (0x0000020d7c41a350):  JavaThread "C2 CompilerThread1" daemon [_thread_in_native, id=2928, stack(0x000000854ed00000,0x000000854ee00000)]


Current CompileTask:
C2:  12325 10236   !   4       java.lang.ClassLoader::loadClass (121 bytes)

Stack: [0x000000854ed00000,0x000000854ee00000]
Native frames: (J=compiled Java code, j=interpreted, Vv=VM code, C=native code)
V  [jvm.dll+0x6734ea]
V  [jvm.dll+0x7d18f4]
V  [jvm.dll+0x7d309e]
V  [jvm.dll+0x7d3703]
V  [jvm.dll+0x2433c5]
V  [jvm.dll+0xaa46b]
V  [jvm.dll+0xaaa0c]
V  [jvm.dll+0x2a8b1f]
V  [jvm.dll+0x57bf85]
V  [jvm.dll+0x21e142]
V  [jvm.dll+0x21e51f]
V  [jvm.dll+0x217c36]
V  [jvm.dll+0x215109]
V  [jvm.dll+0x1a1730]
V  [jvm.dll+0x224b6e]
V  [jvm.dll+0x222f15]
V  [jvm.dll+0x78753c]
V  [jvm.dll+0x781a7a]
V  [jvm.dll+0x672375]
C  [ucrtbase.dll+0x26c0c]
C  [KERNEL32.DLL+0x153e0]
C  [ntdll.dll+0x485b]


---------------  P R O C E S S  ---------------

Threads class SMR info:
_java_thread_list=0x0000020d7eb03cb0, length=15, elements={
0x0000020d5627adc0, 0x0000020d7b339cf0, 0x0000020d7b33a960, 0x0000020d7b34e8f0,
0x0000020d7bc074a0, 0x0000020d7bc07d60, 0x0000020d7bc08710, 0x0000020d7bc0b4b0,
0x0000020d7bc0f450, 0x0000020d7bc12d70, 0x0000020d7b324ac0, 0x0000020d7bd89bc0,
0x0000020d7bd8a090, 0x0000020d7c41a350, 0x0000020d03866b70
}

Java Threads: ( => current thread )
  0x0000020d5627adc0 JavaThread "main" [_thread_in_vm, id=28464, stack(0x000000854d900000,0x000000854da00000)]
  0x0000020d7b339cf0 JavaThread "Reference Handler" daemon [_thread_blocked, id=28936, stack(0x000000854e000000,0x000000854e100000)]
  0x0000020d7b33a960 JavaThread "Finalizer" daemon [_thread_blocked, id=3228, stack(0x000000854e100000,0x000000854e200000)]
  0x0000020d7b34e8f0 JavaThread "Signal Dispatcher" daemon [_thread_blocked, id=18720, stack(0x000000854e200000,0x000000854e300000)]
  0x0000020d7bc074a0 JavaThread "Attach Listener" daemon [_thread_blocked, id=14660, stack(0x000000854e300000,0x000000854e400000)]
  0x0000020d7bc07d60 JavaThread "Service Thread" daemon [_thread_blocked, id=23068, stack(0x000000854e400000,0x000000854e500000)]
  0x0000020d7bc08710 JavaThread "Monitor Deflation Thread" daemon [_thread_blocked, id=9320, stack(0x000000854e500000,0x000000854e600000)]
  0x0000020d7bc0b4b0 JavaThread "C2 CompilerThread0" daemon [_thread_in_native, id=26072, stack(0x000000854e600000,0x000000854e700000)]
  0x0000020d7bc0f450 JavaThread "C1 CompilerThread0" daemon [_thread_in_native, id=25528, stack(0x000000854e700000,0x000000854e800000)]
  0x0000020d7bc12d70 JavaThread "Sweeper thread" daemon [_thread_blocked, id=14508, stack(0x000000854e800000,0x000000854e900000)]
  0x0000020d7b324ac0 JavaThread "Common-Cleaner" daemon [_thread_blocked, id=26716, stack(0x000000854e900000,0x000000854ea00000)]
  0x0000020d7bd89bc0 JavaThread "Monitor Ctrl-Break" daemon [_thread_in_native, id=12856, stack(0x000000854ea00000,0x000000854eb00000)]
  0x0000020d7bd8a090 JavaThread "Notification Thread" daemon [_thread_blocked, id=14972, stack(0x000000854eb00000,0x000000854ec00000)]
=>0x0000020d7c41a350 JavaThread "C2 CompilerThread1" daemon [_thread_in_native, id=2928, stack(0x000000854ed00000,0x000000854ee00000)]
  0x0000020d03866b70 JavaThread "C2 CompilerThread2" daemon [_thread_in_native, id=29268, stack(0x000000854ee00000,0x000000854ef00000)]

Other Threads:
  0x0000020d7b336200 VMThread "VM Thread" [stack: 0x000000854df00000,0x000000854e000000] [id=22760]
  0x0000020d7bdbff20 WatcherThread [stack: 0x000000854ec00000,0x000000854ed00000] [id=5852]
  0x0000020d562e7500 GCTaskThread "GC Thread#0" [stack: 0x000000854da00000,0x000000854db00000] [id=23796]
  0x0000020d7c9886c0 GCTaskThread "GC Thread#1" [stack: 0x000000854ef00000,0x000000854f000000] [id=14628]
  0x0000020d7c92bb80 GCTaskThread "GC Thread#2" [stack: 0x000000854f000000,0x000000854f100000] [id=27208]
  0x0000020d7c92c650 GCTaskThread "GC Thread#3" [stack: 0x000000854f100000,0x000000854f200000] [id=7120]
  0x0000020d7c97f040 GCTaskThread "GC Thread#4" [stack: 0x000000854f200000,0x000000854f300000] [id=13948]
  0x0000020d7c1baac0 GCTaskThread "GC Thread#5" [stack: 0x000000854f300000,0x000000854f400000] [id=16552]
  0x0000020d7cc1ede0 GCTaskThread "GC Thread#6" [stack: 0x000000854f400000,0x000000854f500000] [id=26528]
  0x0000020d7cc1f090 GCTaskThread "GC Thread#7" [stack: 0x000000854f500000,0x000000854f600000] [id=17132]
  0x0000020d7cc80800 GCTaskThread "GC Thread#8" [stack: 0x000000854f600000,0x000000854f700000] [id=26432]
  0x0000020d7cc8b800 GCTaskThread "GC Thread#9" [stack: 0x000000854f700000,0x000000854f800000] [id=22644]
  0x0000020d562fb120 ConcurrentGCThread "G1 Main Marker" [stack: 0x000000854db00000,0x000000854dc00000] [id=14424]
  0x0000020d562fba30 ConcurrentGCThread "G1 Conc#0" [stack: 0x000000854dc00000,0x000000854dd00000] [id=20788]
  0x0000020d7f3772d0 ConcurrentGCThread "G1 Conc#1" [stack: 0x0000008550200000,0x0000008550300000] [id=11768]
  0x0000020d7f377580 ConcurrentGCThread "G1 Conc#2" [stack: 0x0000008550300000,0x0000008550400000] [id=11644]
  0x0000020d5634e290 ConcurrentGCThread "G1 Refine#0" [stack: 0x000000854dd00000,0x000000854de00000] [id=19824]
  0x0000020d035b1c80 ConcurrentGCThread "G1 Refine#1" [stack: 0x000000854f800000,0x000000854f900000] [id=28768]
  0x0000020d03701010 ConcurrentGCThread "G1 Refine#2" [stack: 0x000000854f900000,0x000000854fa00000] [id=3600]
  0x0000020d7ca3fb10 ConcurrentGCThread "G1 Refine#3" [stack: 0x000000854fa00000,0x000000854fb00000] [id=15264]
  0x0000020d036f9cf0 ConcurrentGCThread "G1 Refine#4" [stack: 0x000000854fb00000,0x000000854fc00000] [id=27228]
  0x0000020d5634ebb0 ConcurrentGCThread "G1 Service" [stack: 0x000000854de00000,0x000000854df00000] [id=23072]

Threads with active compile tasks:
C2 CompilerThread0    12368 10363       4       java.util.stream.AbstractPipeline::copyIntoWithCancel (46 bytes)
C1 CompilerThread0    12368 10395       3       com.sun.tools.javac.code.DeferredCompletionFailureHandler$1::classSymbolCompleteFailed (29 bytes)
C2 CompilerThread1    12368 10236   !   4       java.lang.ClassLoader::loadClass (121 bytes)
C2 CompilerThread2    12368 10313       4       java.lang.Class::getDeclaredMethod (63 bytes)

VM state: not at safepoint (normal execution)

VM Mutex/Monitor currently owned by a thread: None

Heap address: 0x0000000702400000, size: 4060 MB, Compressed Oops mode: Zero based, Oop shift amount: 3

CDS archive(s) mapped at: [0x0000000800000000-0x0000000800bd0000-0x0000000800bd0000), size 12386304, SharedBaseAddress: 0x0000000800000000, ArchiveRelocationMode: 0.
Compressed class space mapped at: 0x0000000800c00000-0x0000000840c00000, reserved size: 1073741824
Narrow klass base: 0x0000000800000000, Narrow klass shift: 0, Narrow klass range: 0x100000000

GC Precious Log:
 CPUs: 12 total, 12 available
 Memory: 16239M
 Large Page Support: Disabled
 NUMA Support: Disabled
 Compressed Oops: Enabled (Zero based)
 Heap Region Size: 2M
 Heap Min Capacity: 8M
 Heap Initial Capacity: 254M
 Heap Max Capacity: 4060M
 Pre-touch: Disabled
 Parallel Workers: 10
 Concurrent Workers: 3
 Concurrent Refinement Workers: 10
 Periodic GC: Disabled

Heap:
 garbage-first heap   total 274432K, used 151322K [0x0000000702400000, 0x0000000800000000)
  region size 2048K, 16 young (32768K), 7 survivors (14336K)
 Metaspace       used 36180K, committed 36608K, reserved 1089536K
  class space    used 4047K, committed 4224K, reserved 1048576K

Heap Regions: E=young(eden), S=young(survivor), O=old, HS=humongous(starts), HC=humongous(continues), CS=collection set, F=free, OA=open archive, CA=closed archive, TAMS=top-at-mark-start (previous, next)
|   0|0x0000000702400000, 0x0000000702600000, 0x0000000702600000|100%| O|  |TAMS 0x0000000702600000, 0x0000000702400000| Untracked 
|   1|0x0000000702600000, 0x0000000702800000, 0x0000000702800000|100%| O|  |TAMS 0x0000000702800000, 0x0000000702600000| Untracked 
|   2|0x0000000702800000, 0x0000000702a00000, 0x0000000702a00000|100%| O|  |TAMS 0x0000000702a00000, 0x0000000702800000| Untracked 
|   3|0x0000000702a00000, 0x0000000702c00000, 0x0000000702c00000|100%| O|  |TAMS 0x0000000702c00000, 0x0000000702a00000| Untracked 
|   4|0x0000000702c00000, 0x0000000702e00000, 0x0000000702e00000|100%| O|  |TAMS 0x0000000702e00000, 0x0000000702c00000| Untracked 
|   5|0x0000000702e00000, 0x0000000703000000, 0x0000000703000000|100%| O|  |TAMS 0x0000000703000000, 0x0000000702e00000| Untracked 
|   6|0x0000000703000000, 0x0000000703200000, 0x0000000703200000|100%| O|  |TAMS 0x0000000703200000, 0x0000000703000000| Untracked 
|   7|0x0000000703200000, 0x0000000703400000, 0x0000000703400000|100%| O|  |TAMS 0x0000000703400000, 0x0000000703200000| Untracked 
|   8|0x0000000703400000, 0x0000000703600000, 0x0000000703600000|100%| O|  |TAMS 0x0000000703600000, 0x0000000703400000| Untracked 
|   9|0x0000000703600000, 0x0000000703800000, 0x0000000703800000|100%| O|  |TAMS 0x0000000703800000, 0x0000000703600000| Untracked 
|  10|0x0000000703800000, 0x0000000703a00000, 0x0000000703a00000|100%| O|  |TAMS 0x0000000703a00000, 0x0000000703800000| Untracked 
|  11|0x0000000703a00000, 0x0000000703c00000, 0x0000000703c00000|100%| O|  |TAMS 0x0000000703c00000, 0x0000000703a00000| Untracked 
|  12|0x0000000703c00000, 0x0000000703e00000, 0x0000000703e00000|100%| O|  |TAMS 0x0000000703c00000, 0x0000000703c00000| Untracked 
|  13|0x0000000703e00000, 0x0000000704000000, 0x0000000704000000|100%| O|  |TAMS 0x0000000704000000, 0x0000000703e00000| Untracked 
|  14|0x0000000704000000, 0x0000000704200000, 0x0000000704200000|100%| O|  |TAMS 0x0000000704200000, 0x0000000704000000| Untracked 
|  15|0x0000000704200000, 0x0000000704400000, 0x0000000704400000|100%| O|  |TAMS 0x0000000704400000, 0x0000000704200000| Untracked 
|  16|0x0000000704400000, 0x0000000704600000, 0x0000000704600000|100%| O|  |TAMS 0x0000000704400000, 0x0000000704400000| Untracked 
|  17|0x0000000704600000, 0x0000000704800000, 0x0000000704800000|100%| O|  |TAMS 0x0000000704800000, 0x0000000704600000| Untracked 
|  18|0x0000000704800000, 0x0000000704a00000, 0x0000000704a00000|100%| O|  |TAMS 0x0000000704a00000, 0x0000000704800000| Untracked 
|  19|0x0000000704a00000, 0x0000000704c00000, 0x0000000704c00000|100%| O|  |TAMS 0x0000000704a00000, 0x0000000704a00000| Untracked 
|  20|0x0000000704c00000, 0x0000000704e00000, 0x0000000704e00000|100%| O|  |TAMS 0x0000000704c00000, 0x0000000704c00000| Untracked 
|  21|0x0000000704e00000, 0x0000000705000000, 0x0000000705000000|100%| O|  |TAMS 0x0000000705000000, 0x0000000704e00000| Untracked 
|  22|0x0000000705000000, 0x0000000705200000, 0x0000000705200000|100%| O|  |TAMS 0x0000000705200000, 0x0000000705000000| Untracked 
|  23|0x0000000705200000, 0x0000000705400000, 0x0000000705400000|100%| O|  |TAMS 0x0000000705200000, 0x0000000705200000| Untracked 
|  24|0x0000000705400000, 0x0000000705600000, 0x0000000705600000|100%| O|  |TAMS 0x0000000705400000, 0x0000000705400000| Untracked 
|  25|0x0000000705600000, 0x0000000705800000, 0x0000000705800000|100%| O|  |TAMS 0x0000000705600000, 0x0000000705600000| Untracked 
|  26|0x0000000705800000, 0x0000000705a00000, 0x0000000705a00000|100%| O|  |TAMS 0x0000000705800000, 0x0000000705800000| Untracked 
|  27|0x0000000705a00000, 0x0000000705c00000, 0x0000000705c00000|100%| O|  |TAMS 0x0000000705c00000, 0x0000000705a00000| Untracked 
|  28|0x0000000705c00000, 0x0000000705e00000, 0x0000000705e00000|100%| O|  |TAMS 0x0000000705e00000, 0x0000000705c00000| Untracked 
|  29|0x0000000705e00000, 0x0000000706000000, 0x0000000706000000|100%| O|  |TAMS 0x0000000706000000, 0x0000000705e00000| Untracked 
|  30|0x0000000706000000, 0x0000000706200000, 0x0000000706200000|100%| O|  |TAMS 0x0000000706200000, 0x0000000706000000| Untracked 
|  31|0x0000000706200000, 0x0000000706400000, 0x0000000706400000|100%| O|  |TAMS 0x0000000706400000, 0x0000000706200000| Untracked 
|  32|0x0000000706400000, 0x0000000706600000, 0x0000000706600000|100%| O|  |TAMS 0x0000000706600000, 0x0000000706400000| Untracked 
|  33|0x0000000706600000, 0x0000000706800000, 0x0000000706800000|100%| O|  |TAMS 0x0000000706800000, 0x0000000706600000| Untracked 
|  34|0x0000000706800000, 0x0000000706a00000, 0x0000000706a00000|100%| O|  |TAMS 0x0000000706a00000, 0x0000000706800000| Untracked 
|  35|0x0000000706a00000, 0x0000000706c00000, 0x0000000706c00000|100%| O|  |TAMS 0x0000000706a00000, 0x0000000706a00000| Untracked 
|  36|0x0000000706c00000, 0x0000000706e00000, 0x0000000706e00000|100%|HS|  |TAMS 0x0000000706e00000, 0x0000000706c00000| Complete 
|  37|0x0000000706e00000, 0x0000000707000000, 0x0000000707000000|100%| O|  |TAMS 0x0000000707000000, 0x0000000706e00000| Untracked 
|  38|0x0000000707000000, 0x0000000707200000, 0x0000000707200000|100%| O|  |TAMS 0x0000000707200000, 0x0000000707000000| Untracked 
|  39|0x0000000707200000, 0x00000007073c6800, 0x0000000707400000| 88%| O|  |TAMS 0x0000000707200000, 0x0000000707200000| Untracked 
|  40|0x0000000707400000, 0x0000000707600000, 0x0000000707600000|100%| O|  |TAMS 0x0000000707600000, 0x0000000707400000| Untracked 
|  41|0x0000000707600000, 0x0000000707800000, 0x0000000707800000|100%| O|  |TAMS 0x0000000707800000, 0x0000000707600000| Untracked 
|  42|0x0000000707800000, 0x0000000707a00000, 0x0000000707a00000|100%| O|  |TAMS 0x0000000707a00000, 0x0000000707800000| Untracked 
|  43|0x0000000707a00000, 0x0000000707c00000, 0x0000000707c00000|100%| O|  |TAMS 0x0000000707ab1e00, 0x0000000707a00000| Untracked 
|  44|0x0000000707c00000, 0x0000000707e00000, 0x0000000707e00000|100%|HS|  |TAMS 0x0000000707e00000, 0x0000000707c00000| Complete 
|  45|0x0000000707e00000, 0x0000000708000000, 0x0000000708000000|100%|HC|  |TAMS 0x0000000708000000, 0x0000000707e00000| Complete 
|  46|0x0000000708000000, 0x0000000708200000, 0x0000000708200000|100%|HC|  |TAMS 0x0000000708200000, 0x0000000708000000| Complete 
|  47|0x0000000708200000, 0x0000000708400000, 0x0000000708400000|100%|HC|  |TAMS 0x0000000708400000, 0x0000000708200000| Complete 
|  48|0x0000000708400000, 0x0000000708600000, 0x0000000708600000|100%|HS|  |TAMS 0x0000000708600000, 0x0000000708400000| Complete 
|  49|0x0000000708600000, 0x0000000708800000, 0x0000000708800000|100%|HC|  |TAMS 0x0000000708800000, 0x0000000708600000| Complete 
|  50|0x0000000708800000, 0x0000000708a00000, 0x0000000708a00000|100%|HC|  |TAMS 0x0000000708a00000, 0x0000000708800000| Complete 
|  51|0x0000000708a00000, 0x0000000708c00000, 0x0000000708c00000|100%|HC|  |TAMS 0x0000000708c00000, 0x0000000708a00000| Complete 
|  52|0x0000000708c00000, 0x0000000708e00000, 0x0000000708e00000|100%|HC|  |TAMS 0x0000000708e00000, 0x0000000708c00000| Complete 
|  53|0x0000000708e00000, 0x0000000709000000, 0x0000000709000000|100%|HC|  |TAMS 0x0000000709000000, 0x0000000708e00000| Complete 
|  54|0x0000000709000000, 0x0000000709200000, 0x0000000709200000|100%| O|  |TAMS 0x0000000709000000, 0x0000000709000000| Untracked 
|  55|0x0000000709200000, 0x0000000709400000, 0x0000000709400000|100%| O|  |TAMS 0x0000000709200000, 0x0000000709200000| Untracked 
|  56|0x0000000709400000, 0x0000000709600000, 0x0000000709600000|100%| O|  |TAMS 0x0000000709400000, 0x0000000709400000| Untracked 
|  57|0x0000000709600000, 0x0000000709800000, 0x0000000709800000|100%| O|  |TAMS 0x0000000709600000, 0x0000000709600000| Untracked 
|  58|0x0000000709800000, 0x0000000709a00000, 0x0000000709a00000|100%| O|  |TAMS 0x0000000709800000, 0x0000000709800000| Untracked 
|  59|0x0000000709a00000, 0x0000000709a00000, 0x0000000709c00000|  0%| F|  |TAMS 0x0000000709a00000, 0x0000000709a00000| Untracked 
|  60|0x0000000709c00000, 0x0000000709c00000, 0x0000000709e00000|  0%| F|  |TAMS 0x0000000709c00000, 0x0000000709c00000| Untracked 
|  61|0x0000000709e00000, 0x0000000709e00000, 0x000000070a000000|  0%| F|  |TAMS 0x0000000709e00000, 0x0000000709e00000| Untracked 
|  62|0x000000070a000000, 0x000000070a000000, 0x000000070a200000|  0%| F|  |TAMS 0x000000070a000000, 0x000000070a000000| Untracked 
|  63|0x000000070a200000, 0x000000070a200000, 0x000000070a400000|  0%| F|  |TAMS 0x000000070a200000, 0x000000070a200000| Untracked 
|  64|0x000000070a400000, 0x000000070a400000, 0x000000070a600000|  0%| F|  |TAMS 0x000000070a400000, 0x000000070a400000| Untracked 
|  65|0x000000070a600000, 0x000000070a600000, 0x000000070a800000|  0%| F|  |TAMS 0x000000070a600000, 0x000000070a600000| Untracked 
|  66|0x000000070a800000, 0x000000070a800000, 0x000000070aa00000|  0%| F|  |TAMS 0x000000070a800000, 0x000000070a800000| Untracked 
|  67|0x000000070aa00000, 0x000000070aa00000, 0x000000070ac00000|  0%| F|  |TAMS 0x000000070aa00000, 0x000000070aa00000| Untracked 
|  68|0x000000070ac00000, 0x000000070ac00000, 0x000000070ae00000|  0%| F|  |TAMS 0x000000070ac00000, 0x000000070ac00000| Untracked 
|  69|0x000000070ae00000, 0x000000070ae00000, 0x000000070b000000|  0%| F|  |TAMS 0x000000070ae00000, 0x000000070ae00000| Untracked 
|  70|0x000000070b000000, 0x000000070b000000, 0x000000070b200000|  0%| F|  |TAMS 0x000000070b000000, 0x000000070b000000| Untracked 
|  71|0x000000070b200000, 0x000000070b400000, 0x000000070b400000|100%| S|CS|TAMS 0x000000070b200000, 0x000000070b200000| Complete 
|  72|0x000000070b400000, 0x000000070b600000, 0x000000070b600000|100%| S|CS|TAMS 0x000000070b400000, 0x000000070b400000| Complete 
|  73|0x000000070b600000, 0x000000070b800000, 0x000000070b800000|100%| S|CS|TAMS 0x000000070b600000, 0x000000070b600000| Complete 
|  74|0x000000070b800000, 0x000000070ba00000, 0x000000070ba00000|100%| S|CS|TAMS 0x000000070b800000, 0x000000070b800000| Complete 
|  75|0x000000070ba00000, 0x000000070bc00000, 0x000000070bc00000|100%| S|CS|TAMS 0x000000070ba00000, 0x000000070ba00000| Complete 
|  76|0x000000070bc00000, 0x000000070be00000, 0x000000070be00000|100%| S|CS|TAMS 0x000000070bc00000, 0x000000070bc00000| Complete 
|  77|0x000000070be00000, 0x000000070c000000, 0x000000070c000000|100%| S|CS|TAMS 0x000000070be00000, 0x000000070be00000| Complete 
|  78|0x000000070c000000, 0x000000070c000000, 0x000000070c200000|  0%| F|  |TAMS 0x000000070c000000, 0x000000070c000000| Untracked 
|  79|0x000000070c200000, 0x000000070c200000, 0x000000070c400000|  0%| F|  |TAMS 0x000000070c200000, 0x000000070c200000| Untracked 
|  80|0x000000070c400000, 0x000000070c400000, 0x000000070c600000|  0%| F|  |TAMS 0x000000070c400000, 0x000000070c400000| Untracked 
|  81|0x000000070c600000, 0x000000070c600000, 0x000000070c800000|  0%| F|  |TAMS 0x000000070c600000, 0x000000070c600000| Untracked 
|  82|0x000000070c800000, 0x000000070c800000, 0x000000070ca00000|  0%| F|  |TAMS 0x000000070c800000, 0x000000070c800000| Untracked 
|  83|0x000000070ca00000, 0x000000070ca00000, 0x000000070cc00000|  0%| F|  |TAMS 0x000000070ca00000, 0x000000070ca00000| Untracked 
|  84|0x000000070cc00000, 0x000000070cc00000, 0x000000070ce00000|  0%| F|  |TAMS 0x000000070cc00000, 0x000000070cc00000| Untracked 
|  85|0x000000070ce00000, 0x000000070ce00000, 0x000000070d000000|  0%| F|  |TAMS 0x000000070ce00000, 0x000000070ce00000| Untracked 
|  86|0x000000070d000000, 0x000000070d000000, 0x000000070d200000|  0%| F|  |TAMS 0x000000070d000000, 0x000000070d000000| Untracked 
|  87|0x000000070d200000, 0x000000070d200000, 0x000000070d400000|  0%| F|  |TAMS 0x000000070d200000, 0x000000070d200000| Untracked 
|  88|0x000000070d400000, 0x000000070d400000, 0x000000070d600000|  0%| F|  |TAMS 0x000000070d400000, 0x000000070d400000| Untracked 
|  89|0x000000070d600000, 0x000000070d600000, 0x000000070d800000|  0%| F|  |TAMS 0x000000070d600000, 0x000000070d600000| Untracked 
|  90|0x000000070d800000, 0x000000070d800000, 0x000000070da00000|  0%| F|  |TAMS 0x000000070d800000, 0x000000070d800000| Untracked 
|  91|0x000000070da00000, 0x000000070da00000, 0x000000070dc00000|  0%| F|  |TAMS 0x000000070da00000, 0x000000070da00000| Untracked 
|  92|0x000000070dc00000, 0x000000070dc00000, 0x000000070de00000|  0%| F|  |TAMS 0x000000070dc00000, 0x000000070dc00000| Untracked 
|  93|0x000000070de00000, 0x000000070de00000, 0x000000070e000000|  0%| F|  |TAMS 0x000000070de00000, 0x000000070de00000| Untracked 
|  94|0x000000070e000000, 0x000000070e000000, 0x000000070e200000|  0%| F|  |TAMS 0x000000070e000000, 0x000000070e000000| Untracked 
|  95|0x000000070e200000, 0x000000070e200000, 0x000000070e400000|  0%| F|  |TAMS 0x000000070e200000, 0x000000070e200000| Untracked 
|  96|0x000000070e400000, 0x000000070e400000, 0x000000070e600000|  0%| F|  |TAMS 0x000000070e400000, 0x000000070e400000| Untracked 
|  97|0x000000070e600000, 0x000000070e600000, 0x000000070e800000|  0%| F|  |TAMS 0x000000070e600000, 0x000000070e600000| Untracked 
|  98|0x000000070e800000, 0x000000070e800000, 0x000000070ea00000|  0%| F|  |TAMS 0x000000070e800000, 0x000000070e800000| Untracked 
|  99|0x000000070ea00000, 0x000000070ea00000, 0x000000070ec00000|  0%| F|  |TAMS 0x000000070ea00000, 0x000000070ea00000| Untracked 
| 100|0x000000070ec00000, 0x000000070ec00000, 0x000000070ee00000|  0%| F|  |TAMS 0x000000070ec00000, 0x000000070ec00000| Untracked 
| 101|0x000000070ee00000, 0x000000070ee00000, 0x000000070f000000|  0%| F|  |TAMS 0x000000070ee00000, 0x000000070ee00000| Untracked 
| 102|0x000000070f000000, 0x000000070f000000, 0x000000070f200000|  0%| F|  |TAMS 0x000000070f000000, 0x000000070f000000| Untracked 
| 103|0x000000070f200000, 0x000000070f200000, 0x000000070f400000|  0%| F|  |TAMS 0x000000070f200000, 0x000000070f200000| Untracked 
| 104|0x000000070f400000, 0x000000070f400000, 0x000000070f600000|  0%| F|  |TAMS 0x000000070f400000, 0x000000070f400000| Untracked 
| 105|0x000000070f600000, 0x000000070f600000, 0x000000070f800000|  0%| F|  |TAMS 0x000000070f600000, 0x000000070f600000| Untracked 
| 106|0x000000070f800000, 0x000000070f800000, 0x000000070fa00000|  0%| F|  |TAMS 0x000000070f800000, 0x000000070f800000| Untracked 
| 107|0x000000070fa00000, 0x000000070fa00000, 0x000000070fc00000|  0%| F|  |TAMS 0x000000070fa00000, 0x000000070fa00000| Untracked 
| 108|0x000000070fc00000, 0x000000070fc00000, 0x000000070fe00000|  0%| F|  |TAMS 0x000000070fc00000, 0x000000070fc00000| Untracked 
| 109|0x000000070fe00000, 0x000000070fe00000, 0x0000000710000000|  0%| F|  |TAMS 0x000000070fe00000, 0x000000070fe00000| Untracked 
| 110|0x0000000710000000, 0x0000000710000000, 0x0000000710200000|  0%| F|  |TAMS 0x0000000710000000, 0x0000000710000000| Untracked 
| 111|0x0000000710200000, 0x0000000710200000, 0x0000000710400000|  0%| F|  |TAMS 0x0000000710200000, 0x0000000710200000| Untracked 
| 112|0x0000000710400000, 0x0000000710400000, 0x0000000710600000|  0%| F|  |TAMS 0x0000000710400000, 0x0000000710400000| Untracked 
| 113|0x0000000710600000, 0x0000000710600000, 0x0000000710800000|  0%| F|  |TAMS 0x0000000710600000, 0x0000000710600000| Untracked 
| 114|0x0000000710800000, 0x0000000710800000, 0x0000000710a00000|  0%| F|  |TAMS 0x0000000710800000, 0x0000000710800000| Untracked 
| 115|0x0000000710a00000, 0x0000000710a00000, 0x0000000710c00000|  0%| F|  |TAMS 0x0000000710a00000, 0x0000000710a00000| Untracked 
| 116|0x0000000710c00000, 0x0000000710c00000, 0x0000000710e00000|  0%| F|  |TAMS 0x0000000710c00000, 0x0000000710c00000| Untracked 
| 117|0x0000000710e00000, 0x0000000710e00000, 0x0000000711000000|  0%| F|  |TAMS 0x0000000710e00000, 0x0000000710e00000| Untracked 
| 118|0x0000000711000000, 0x0000000711000000, 0x0000000711200000|  0%| F|  |TAMS 0x0000000711000000, 0x0000000711000000| Untracked 
| 119|0x0000000711200000, 0x0000000711200000, 0x0000000711400000|  0%| F|  |TAMS 0x0000000711200000, 0x0000000711200000| Untracked 
| 120|0x0000000711400000, 0x0000000711400000, 0x0000000711600000|  0%| F|  |TAMS 0x0000000711400000, 0x0000000711400000| Untracked 
| 121|0x0000000711600000, 0x0000000711600000, 0x0000000711800000|  0%| F|  |TAMS 0x0000000711600000, 0x0000000711600000| Untracked 
| 122|0x0000000711800000, 0x0000000711800000, 0x0000000711a00000|  0%| F|  |TAMS 0x0000000711800000, 0x0000000711800000| Untracked 
| 123|0x0000000711a00000, 0x0000000711a00000, 0x0000000711c00000|  0%| F|  |TAMS 0x0000000711a00000, 0x0000000711a00000| Untracked 
| 124|0x0000000711c00000, 0x0000000711c00000, 0x0000000711e00000|  0%| F|  |TAMS 0x0000000711c00000, 0x0000000711c00000| Untracked 
| 125|0x0000000711e00000, 0x0000000712000000, 0x0000000712000000|100%| E|  |TAMS 0x0000000711e00000, 0x0000000711e00000| Complete 
| 126|0x0000000712000000, 0x0000000712200000, 0x0000000712200000|100%| E|CS|TAMS 0x0000000712000000, 0x0000000712000000| Complete 
| 127|0x0000000712200000, 0x0000000712400000, 0x0000000712400000|100%| E|CS|TAMS 0x0000000712200000, 0x0000000712200000| Complete 
| 128|0x0000000712400000, 0x0000000712600000, 0x0000000712600000|100%| E|CS|TAMS 0x0000000712400000, 0x0000000712400000| Complete 
| 129|0x0000000712600000, 0x0000000712800000, 0x0000000712800000|100%| E|CS|TAMS 0x0000000712600000, 0x0000000712600000| Complete 
| 130|0x0000000712800000, 0x0000000712a00000, 0x0000000712a00000|100%| E|CS|TAMS 0x0000000712800000, 0x0000000712800000| Complete 
| 131|0x0000000712a00000, 0x0000000712c00000, 0x0000000712c00000|100%| E|CS|TAMS 0x0000000712a00000, 0x0000000712a00000| Complete 
| 132|0x0000000712c00000, 0x0000000712e00000, 0x0000000712e00000|100%| E|CS|TAMS 0x0000000712c00000, 0x0000000712c00000| Complete 
| 133|0x0000000712e00000, 0x0000000713000000, 0x0000000713000000|100%| E|CS|TAMS 0x0000000712e00000, 0x0000000712e00000| Complete 

Card table byte_map: [0x0000020d6f770000,0x0000020d6ff60000] _byte_map_base: 0x0000020d6bf5e000

Marking Bits (Prev, Next): (CMBitMap*) 0x0000020d562e9a60, (CMBitMap*) 0x0000020d562e9a20
 Prev Bits: [0x0000020d746c0000, 0x0000020d78630000)
 Next Bits: [0x0000020d70750000, 0x0000020d746c0000)

Polling page: 0x0000020d56350000

Metaspace:

Usage:
  Non-class:     31.38 MB used.
      Class:      3.95 MB used.
       Both:     35.33 MB used.

Virtual space:
  Non-class space:       40.00 MB reserved,      31.62 MB ( 79%) committed,  5 nodes.
      Class space:        1.00 GB reserved,       4.12 MB ( <1%) committed,  1 nodes.
             Both:        1.04 GB reserved,      35.75 MB (  3%) committed. 

Chunk freelists:
   Non-Class:  3.80 MB
       Class:  3.84 MB
        Both:  7.64 MB

MaxMetaspaceSize: unlimited
CompressedClassSpaceSize: 1.00 GB
Initial GC threshold: 21.00 MB
Current GC threshold: 56.69 MB
CDS: on
MetaspaceReclaimPolicy: balanced
 - commit_granule_bytes: 65536.
 - commit_granule_words: 8192.
 - virtual_space_node_default_size: 1048576.
 - enlarge_chunks_in_place: 1.
 - new_chunks_are_fully_committed: 0.
 - uncommit_free_chunks: 1.
 - use_allocation_guard: 0.
 - handle_deallocations: 1.


Internal statistics:

num_allocs_failed_limit: 3.
num_arena_births: 294.
num_arena_deaths: 0.
num_vsnodes_births: 6.
num_vsnodes_deaths: 0.
num_space_committed: 572.
num_space_uncommitted: 0.
num_chunks_returned_to_freelist: 3.
num_chunks_taken_from_freelist: 1659.
num_chunk_merges: 3.
num_chunk_splits: 1133.
num_chunks_enlarged: 852.
num_purges: 0.
num_inconsistent_stats: 0.

CodeHeap 'non-profiled nmethods': size=120000Kb used=6727Kb max_used=6727Kb free=113272Kb
 bounds [0x0000020d66dd0000, 0x0000020d67470000, 0x0000020d6e300000]
CodeHeap 'profiled nmethods': size=120000Kb used=18610Kb max_used=18610Kb free=101389Kb
 bounds [0x0000020d5f300000, 0x0000020d60540000, 0x0000020d66830000]
CodeHeap 'non-nmethods': size=5760Kb used=1244Kb max_used=1343Kb free=4515Kb
 bounds [0x0000020d66830000, 0x0000020d66aa0000, 0x0000020d66dd0000]
 total_blobs=9283 nmethods=8728 adapters=467
 compilation: enabled
              stopped_count=0, restarted_count=0
 full_count=0

Compilation events (20 events):
Event: 12.282 Thread 0x0000020d7bc0b4b0 nmethod 10327 0x0000020d6745b890 code [0x0000020d6745ba00, 0x0000020d6745ba98]
Event: 12.282 Thread 0x0000020d7bc0b4b0 10322   !   4       lombok.javac.JavacNode::$SWITCH_TABLE$lombok$core$AST$Kind (157 bytes)
Event: 12.282 Thread 0x0000020d7bc0f450 nmethod 10330 0x0000020d60507a10 code [0x0000020d60507c60, 0x0000020d60508878]
Event: 12.282 Thread 0x0000020d7bc0f450 10333       3       lombok.javac.JavacAST::buildMethod (192 bytes)
Event: 12.282 Thread 0x0000020d7bc0b4b0 nmethod 10322 0x0000020d6745bb90 code [0x0000020d6745bd00, 0x0000020d6745bd98]
Event: 12.284 Thread 0x0000020d7bc0f450 nmethod 10333 0x0000020d60508c10 code [0x0000020d605090a0, 0x0000020d6050c178]
Event: 12.284 Thread 0x0000020d7bc0f450 10331       1       lombok.core.AST::setTop (6 bytes)
Event: 12.284 Thread 0x0000020d7bc0f450 nmethod 10331 0x0000020d6745be90 code [0x0000020d6745c020, 0x0000020d6745c138]
Event: 12.284 Thread 0x0000020d7bc0f450 10332       1       lombok.core.AST::isChanged (5 bytes)
Event: 12.284 Thread 0x0000020d7bc0f450 nmethod 10332 0x0000020d6745c190 code [0x0000020d6745c320, 0x0000020d6745c3f8]
Event: 12.285 Thread 0x0000020d7bc0f450 10334       3       lombok.javac.JavacASTAdapter::endVisitLocal (1 bytes)
Event: 12.285 Thread 0x0000020d7bc0f450 nmethod 10334 0x0000020d6050cf10 code [0x0000020d6050d0a0, 0x0000020d6050d1b8]
Event: 12.286 Thread 0x0000020d7bc0b4b0 10335       4       lombok.javac.JavacNode::traverse (774 bytes)
Event: 12.292 Thread 0x0000020d7bc0f450 10337   !   3       lombok.permit.Permit::getField (72 bytes)
Event: 12.293 Thread 0x0000020d7bc0f450 nmethod 10337 0x0000020d6050d290 code [0x0000020d6050d540, 0x0000020d6050e088]
Event: 12.309 Thread 0x0000020d7bc0f450 10340       3       jdk.internal.misc.Unsafe::shouldBeInitialized (18 bytes)
Event: 12.310 Thread 0x0000020d7bc0f450 nmethod 10340 0x0000020d6050e510 code [0x0000020d6050e6c0, 0x0000020d6050e8f8]
Event: 12.312 Thread 0x0000020d7bc0f450 10342       3       java.lang.invoke.MethodHandles$Lookup::getDirectMethodNoSecurityManager (18 bytes)
Event: 12.313 Thread 0x0000020d7bc0f450 nmethod 10342 0x0000020d6050ea10 code [0x0000020d6050eba0, 0x0000020d6050ece8]
Event: 12.321 Thread 0x0000020d7bc0f450 10347       3       sun.nio.fs.WindowsPathParser::parse (384 bytes)

GC Heap History (20 events):
Event: 6.999 GC heap before
{Heap before GC invocations=9 (full 0):
 garbage-first heap   total 184320K, used 123408K [0x0000000702400000, 0x0000000800000000)
  region size 2048K, 32 young (65536K), 6 survivors (12288K)
 Metaspace       used 29894K, committed 30272K, reserved 1081344K
  class space    used 3377K, committed 3520K, reserved 1048576K
}
Event: 7.009 GC heap after
{Heap after GC invocations=10 (full 0):
 garbage-first heap   total 184320K, used 81920K [0x0000000702400000, 0x0000000800000000)
  region size 2048K, 4 young (8192K), 4 survivors (8192K)
 Metaspace       used 29894K, committed 30272K, reserved 1081344K
  class space    used 3377K, committed 3520K, reserved 1048576K
}
Event: 7.753 GC heap before
{Heap before GC invocations=10 (full 0):
 garbage-first heap   total 184320K, used 131072K [0x0000000702400000, 0x0000000800000000)
  region size 2048K, 28 young (57344K), 4 survivors (8192K)
 Metaspace       used 31805K, committed 32128K, reserved 1081344K
  class space    used 3578K, committed 3712K, reserved 1048576K
}
Event: 7.759 GC heap after
{Heap after GC invocations=11 (full 0):
 garbage-first heap   total 184320K, used 86009K [0x0000000702400000, 0x0000000800000000)
  region size 2048K, 1 young (2048K), 1 survivors (2048K)
 Metaspace       used 31805K, committed 32128K, reserved 1081344K
  class space    used 3578K, committed 3712K, reserved 1048576K
}
Event: 8.084 GC heap before
{Heap before GC invocations=11 (full 0):
 garbage-first heap   total 184320K, used 133113K [0x0000000702400000, 0x0000000800000000)
  region size 2048K, 25 young (51200K), 1 survivors (2048K)
 Metaspace       used 32392K, committed 32704K, reserved 1081344K
  class space    used 3633K, committed 3776K, reserved 1048576K
}
Event: 8.087 GC heap after
{Heap after GC invocations=12 (full 0):
 garbage-first heap   total 184320K, used 86210K [0x0000000702400000, 0x0000000800000000)
  region size 2048K, 1 young (2048K), 1 survivors (2048K)
 Metaspace       used 32392K, committed 32704K, reserved 1081344K
  class space    used 3633K, committed 3776K, reserved 1048576K
}
Event: 8.479 GC heap before
{Heap before GC invocations=13 (full 0):
 garbage-first heap   total 184320K, used 139458K [0x0000000702400000, 0x0000000800000000)
  region size 2048K, 27 young (55296K), 1 survivors (2048K)
 Metaspace       used 33223K, committed 33600K, reserved 1081344K
  class space    used 3731K, committed 3904K, reserved 1048576K
}
Event: 8.483 GC heap after
{Heap after GC invocations=14 (full 0):
 garbage-first heap   total 184320K, used 87723K [0x0000000702400000, 0x0000000800000000)
  region size 2048K, 2 young (4096K), 2 survivors (4096K)
 Metaspace       used 33223K, committed 33600K, reserved 1081344K
  class space    used 3731K, committed 3904K, reserved 1048576K
}
Event: 8.579 GC heap before
{Heap before GC invocations=14 (full 0):
 garbage-first heap   total 184320K, used 91819K [0x0000000702400000, 0x0000000800000000)
  region size 2048K, 4 young (8192K), 2 survivors (4096K)
 Metaspace       used 33620K, committed 34048K, reserved 1081344K
  class space    used 3790K, committed 3968K, reserved 1048576K
}
Event: 8.583 GC heap after
{Heap after GC invocations=15 (full 0):
 garbage-first heap   total 221184K, used 87681K [0x0000000702400000, 0x0000000800000000)
  region size 2048K, 1 young (2048K), 1 survivors (2048K)
 Metaspace       used 33620K, committed 34048K, reserved 1081344K
  class space    used 3790K, committed 3968K, reserved 1048576K
}
Event: 9.685 GC heap before
{Heap before GC invocations=15 (full 0):
 garbage-first heap   total 221184K, used 167553K [0x0000000702400000, 0x0000000800000000)
  region size 2048K, 38 young (77824K), 1 survivors (2048K)
 Metaspace       used 34423K, committed 34816K, reserved 1081344K
  class space    used 3858K, committed 4032K, reserved 1048576K
}
Event: 9.691 GC heap after
{Heap after GC invocations=16 (full 0):
 garbage-first heap   total 221184K, used 101533K [0x0000000702400000, 0x0000000800000000)
  region size 2048K, 4 young (8192K), 4 survivors (8192K)
 Metaspace       used 34423K, committed 34816K, reserved 1081344K
  class space    used 3858K, committed 4032K, reserved 1048576K
}
Event: 9.693 GC heap before
{Heap before GC invocations=16 (full 0):
 garbage-first heap   total 221184K, used 113821K [0x0000000702400000, 0x0000000800000000)
  region size 2048K, 5 young (10240K), 4 survivors (8192K)
 Metaspace       used 34423K, committed 34816K, reserved 1081344K
  class space    used 3858K, committed 4032K, reserved 1048576K
}
Event: 9.697 GC heap after
{Heap after GC invocations=17 (full 0):
 garbage-first heap   total 221184K, used 113963K [0x0000000702400000, 0x0000000800000000)
  region size 2048K, 1 young (2048K), 1 survivors (2048K)
 Metaspace       used 34423K, committed 34816K, reserved 1081344K
  class space    used 3858K, committed 4032K, reserved 1048576K
}
Event: 10.534 GC heap before
{Heap before GC invocations=18 (full 0):
 garbage-first heap   total 274432K, used 263467K [0x0000000702400000, 0x0000000800000000)
  region size 2048K, 21 young (43008K), 1 survivors (2048K)
 Metaspace       used 34482K, committed 34880K, reserved 1081344K
  class space    used 3858K, committed 4032K, reserved 1048576K
}
Event: 10.536 GC heap after
{Heap after GC invocations=19 (full 0):
 garbage-first heap   total 274432K, used 115496K [0x0000000702400000, 0x0000000800000000)
  region size 2048K, 1 young (2048K), 1 survivors (2048K)
 Metaspace       used 34482K, committed 34880K, reserved 1081344K
  class space    used 3858K, committed 4032K, reserved 1048576K
}
Event: 10.657 GC heap before
{Heap before GC invocations=19 (full 0):
 garbage-first heap   total 274432K, used 123688K [0x0000000702400000, 0x0000000800000000)
  region size 2048K, 6 young (12288K), 1 survivors (2048K)
 Metaspace       used 34495K, committed 34880K, reserved 1081344K
  class space    used 3859K, committed 4032K, reserved 1048576K
}
Event: 10.660 GC heap after
{Heap after GC invocations=20 (full 0):
 garbage-first heap   total 274432K, used 103574K [0x0000000702400000, 0x0000000800000000)
  region size 2048K, 1 young (2048K), 1 survivors (2048K)
 Metaspace       used 34495K, committed 34880K, reserved 1081344K
  class space    used 3859K, committed 4032K, reserved 1048576K
}
Event: 12.138 GC heap before
{Heap before GC invocations=20 (full 0):
 garbage-first heap   total 274432K, used 214166K [0x0000000702400000, 0x0000000800000000)
  region size 2048K, 56 young (114688K), 1 survivors (2048K)
 Metaspace       used 35707K, committed 36096K, reserved 1081344K
  class space    used 3996K, committed 4160K, reserved 1048576K
}
Event: 12.146 GC heap after
{Heap after GC invocations=21 (full 0):
 garbage-first heap   total 274432K, used 134938K [0x0000000702400000, 0x0000000800000000)
  region size 2048K, 7 young (14336K), 7 survivors (14336K)
 Metaspace       used 35707K, committed 36096K, reserved 1081344K
  class space    used 3996K, committed 4160K, reserved 1048576K
}

Deoptimization events (20 events):
Event: 12.159 Thread 0x0000020d5627adc0 DEOPT PACKING pc=0x0000020d66ff7074 sp=0x000000854d9fc310
Event: 12.159 Thread 0x0000020d5627adc0 DEOPT UNPACKING pc=0x0000020d668823a3 sp=0x000000854d9fc298 mode 2
Event: 12.159 Thread 0x0000020d5627adc0 Uncommon trap: trap_request=0xffffffde fr.pc=0x0000020d67016a08 relative=0x00000000000003e8
Event: 12.159 Thread 0x0000020d5627adc0 Uncommon trap: reason=class_check action=maybe_recompile pc=0x0000020d67016a08 method=java.util.Collections$UnmodifiableMap$UnmodifiableEntrySet$1.<init>(Ljava/util/Collections$UnmodifiableMap$UnmodifiableEntrySet;)V @ 17 c2
Event: 12.159 Thread 0x0000020d5627adc0 DEOPT PACKING pc=0x0000020d67016a08 sp=0x000000854d9fc2c0
Event: 12.159 Thread 0x0000020d5627adc0 DEOPT UNPACKING pc=0x0000020d668823a3 sp=0x000000854d9fc220 mode 2
Event: 12.203 Thread 0x0000020d5627adc0 DEOPT PACKING pc=0x0000020d6024e673 sp=0x000000854d9fcbc0
Event: 12.203 Thread 0x0000020d5627adc0 DEOPT UNPACKING pc=0x0000020d66882b43 sp=0x000000854d9fc038 mode 0
Event: 12.313 Thread 0x0000020d5627adc0 Uncommon trap: trap_request=0xffffff45 fr.pc=0x0000020d673a2888 relative=0x0000000000005a68
Event: 12.313 Thread 0x0000020d5627adc0 Uncommon trap: reason=unstable_if action=reinterpret pc=0x0000020d673a2888 method=java.lang.String.split(Ljava/lang/String;I)[Ljava/lang/String; @ 259 c2
Event: 12.313 Thread 0x0000020d5627adc0 DEOPT PACKING pc=0x0000020d673a2888 sp=0x000000854d9fccf0
Event: 12.313 Thread 0x0000020d5627adc0 DEOPT UNPACKING pc=0x0000020d668823a3 sp=0x000000854d9fcce8 mode 2
Event: 12.314 Thread 0x0000020d5627adc0 Uncommon trap: trap_request=0xffffff45 fr.pc=0x0000020d673bb5f0 relative=0x0000000000001a50
Event: 12.314 Thread 0x0000020d5627adc0 Uncommon trap: reason=unstable_if action=reinterpret pc=0x0000020d673bb5f0 method=sun.nio.fs.WindowsPathParser.parse(Ljava/lang/String;Z)Lsun/nio/fs/WindowsPathParser$Result; @ 303 c2
Event: 12.314 Thread 0x0000020d5627adc0 DEOPT PACKING pc=0x0000020d673bb5f0 sp=0x000000854d9fb990
Event: 12.314 Thread 0x0000020d5627adc0 DEOPT UNPACKING pc=0x0000020d668823a3 sp=0x000000854d9fb958 mode 2
Event: 12.320 Thread 0x0000020d5627adc0 Uncommon trap: trap_request=0xfffffff4 fr.pc=0x0000020d671e2484 relative=0x00000000000005a4
Event: 12.320 Thread 0x0000020d5627adc0 Uncommon trap: reason=null_check action=make_not_entrant pc=0x0000020d671e2484 method=sun.nio.fs.WindowsPath.getPathForWin32Calls()Ljava/lang/String; @ 38 c2
Event: 12.320 Thread 0x0000020d5627adc0 DEOPT PACKING pc=0x0000020d671e2484 sp=0x000000854d9fb8d0
Event: 12.320 Thread 0x0000020d5627adc0 DEOPT UNPACKING pc=0x0000020d668823a3 sp=0x000000854d9fb878 mode 2

Classes unloaded (0 events):
No events

Classes redefined (0 events):
No events

Internal exceptions (20 events):
Event: 11.620 Thread 0x0000020d5627adc0 Exception <a 'sun/nio/fs/WindowsException'{0x000000070d6986d0}> (0x000000070d6986d0) 
thrown [s\open\src\hotspot\share\prims\jni.cpp, line 516]
Event: 11.620 Thread 0x0000020d5627adc0 Exception <a 'sun/nio/fs/WindowsException'{0x000000070d698d70}> (0x000000070d698d70) 
thrown [s\open\src\hotspot\share\prims\jni.cpp, line 516]
Event: 11.621 Thread 0x0000020d5627adc0 Exception <a 'sun/nio/fs/WindowsException'{0x000000070d69a590}> (0x000000070d69a590) 
thrown [s\open\src\hotspot\share\prims\jni.cpp, line 516]
Event: 11.621 Thread 0x0000020d5627adc0 Exception <a 'sun/nio/fs/WindowsException'{0x000000070d69ad48}> (0x000000070d69ad48) 
thrown [s\open\src\hotspot\share\prims\jni.cpp, line 516]
Event: 11.621 Thread 0x0000020d5627adc0 Exception <a 'sun/nio/fs/WindowsException'{0x000000070d69f2f0}> (0x000000070d69f2f0) 
thrown [s\open\src\hotspot\share\prims\jni.cpp, line 516]
Event: 11.622 Thread 0x0000020d5627adc0 Exception <a 'sun/nio/fs/WindowsException'{0x000000070d69f9a8}> (0x000000070d69f9a8) 
thrown [s\open\src\hotspot\share\prims\jni.cpp, line 516]
Event: 11.622 Thread 0x0000020d5627adc0 Exception <a 'sun/nio/fs/WindowsException'{0x000000070d6a15a0}> (0x000000070d6a15a0) 
thrown [s\open\src\hotspot\share\prims\jni.cpp, line 516]
Event: 11.622 Thread 0x0000020d5627adc0 Exception <a 'sun/nio/fs/WindowsException'{0x000000070d6a1a60}> (0x000000070d6a1a60) 
thrown [s\open\src\hotspot\share\prims\jni.cpp, line 516]
Event: 11.622 Thread 0x0000020d5627adc0 Exception <a 'sun/nio/fs/WindowsException'{0x000000070d6a3b28}> (0x000000070d6a3b28) 
thrown [s\open\src\hotspot\share\prims\jni.cpp, line 516]
Event: 11.622 Thread 0x0000020d5627adc0 Exception <a 'sun/nio/fs/WindowsException'{0x000000070d6a41d8}> (0x000000070d6a41d8) 
thrown [s\open\src\hotspot\share\prims\jni.cpp, line 516]
Event: 11.623 Thread 0x0000020d5627adc0 Exception <a 'sun/nio/fs/WindowsException'{0x000000070d6a5a08}> (0x000000070d6a5a08) 
thrown [s\open\src\hotspot\share\prims\jni.cpp, line 516]
Event: 11.623 Thread 0x0000020d5627adc0 Exception <a 'sun/nio/fs/WindowsException'{0x000000070d6a61c8}> (0x000000070d6a61c8) 
thrown [s\open\src\hotspot\share\prims\jni.cpp, line 516]
Event: 12.307 Thread 0x0000020d5627adc0 Exception <a 'sun/nio/fs/WindowsException'{0x0000000712274498}> (0x0000000712274498) 
thrown [s\open\src\hotspot\share\prims\jni.cpp, line 516]
Event: 12.308 Thread 0x0000020d5627adc0 Exception <a 'sun/nio/fs/WindowsException'{0x0000000712275740}> (0x0000000712275740) 
thrown [s\open\src\hotspot\share\prims\jni.cpp, line 516]
Event: 12.310 Thread 0x0000020d5627adc0 Exception <a 'java/lang/NoSuchMethodError'{0x00000007122839a0}: 'void java.lang.invoke.DirectMethodHandle$Holder.invokeStatic(java.lang.Object, java.lang.Object, java.lang.Object, java.lang.Object)'> (0x00000007122839a0) 
thrown [s\open\src\hotspot\share\interpreter\linkResolver.cpp, line 759]
Event: 12.310 Thread 0x0000020d5627adc0 Exception <a 'java/lang/NoSuchMethodError'{0x0000000712287648}: 'void java.lang.invoke.DirectMethodHandle$Holder.invokeStaticInit(java.lang.Object, java.lang.Object, java.lang.Object, java.lang.Object)'> (0x0000000712287648) 
thrown [s\open\src\hotspot\share\interpreter\linkResolver.cpp, line 759]
Event: 12.312 Thread 0x0000020d5627adc0 Exception <a 'java/lang/NoSuchMethodError'{0x000000071229b7e8}: 'java.lang.Object java.lang.invoke.DirectMethodHandle$Holder.invokeStatic(java.lang.Object, java.lang.Object, int)'> (0x000000071229b7e8) 
thrown [s\open\src\hotspot\share\interpreter\linkResolver.cpp, line 759]
Event: 12.315 Thread 0x0000020d5627adc0 Exception <a 'sun/nio/fs/WindowsException'{0x00000007122a7bf0}> (0x00000007122a7bf0) 
thrown [s\open\src\hotspot\share\prims\jni.cpp, line 516]
Event: 12.320 Thread 0x0000020d5627adc0 Implicit null exception at 0x0000020d671e1f8b to 0x0000020d671e2474
Event: 12.320 Thread 0x0000020d5627adc0 Exception <a 'sun/nio/fs/WindowsException'{0x00000007123c8328}> (0x00000007123c8328) 
thrown [s\open\src\hotspot\share\prims\jni.cpp, line 516]

VM Operations (20 events):
Event: 8.870 Executing VM operation: ICBufferFull
Event: 8.870 Executing VM operation: ICBufferFull done
Event: 9.685 Executing VM operation: G1TryInitiateConcMark
Event: 9.692 Executing VM operation: G1TryInitiateConcMark done
Event: 9.692 Executing VM operation: G1TryInitiateConcMark
Event: 9.697 Executing VM operation: G1TryInitiateConcMark done
Event: 9.742 Executing VM operation: G1Concurrent
Event: 9.748 Executing VM operation: G1Concurrent done
Event: 9.767 Executing VM operation: G1Concurrent
Event: 9.768 Executing VM operation: G1Concurrent done
Event: 10.534 Executing VM operation: G1CollectForAllocation
Event: 10.536 Executing VM operation: G1CollectForAllocation done
Event: 10.657 Executing VM operation: G1CollectForAllocation
Event: 10.660 Executing VM operation: G1CollectForAllocation done
Event: 11.123 Executing VM operation: HandshakeAllThreads
Event: 11.123 Executing VM operation: HandshakeAllThreads done
Event: 12.134 Executing VM operation: Cleanup
Event: 12.134 Executing VM operation: Cleanup done
Event: 12.138 Executing VM operation: G1CollectForAllocation
Event: 12.146 Executing VM operation: G1CollectForAllocation done

Events (20 events):
Event: 9.382 Thread 0x0000020d03866b70 Thread added: 0x0000020d03866b70
Event: 9.966 Thread 0x0000020d03866b70 Thread exited: 0x0000020d03866b70
Event: 10.004 Thread 0x0000020d03866b70 Thread added: 0x0000020d03866b70
Event: 10.573 loading class jdk/internal/misc/ScopedMemoryAccess$Scope$Handle
Event: 10.573 loading class jdk/internal/misc/ScopedMemoryAccess$Scope$Handle done
Event: 11.123 Thread 0x0000020d7bc12d70 flushing nmethod 0x0000020d66de1810
Event: 11.124 Thread 0x0000020d7bc12d70 flushing nmethod 0x0000020d6718cd90
Event: 11.124 Thread 0x0000020d7bc12d70 flushing nmethod 0x0000020d671ffb90
Event: 11.124 Thread 0x0000020d7bc12d70 flushing nmethod 0x0000020d6723e090
Event: 11.128 Thread 0x0000020d7bc12d70 flushing nmethod 0x0000020d5f987690
Event: 11.131 Thread 0x0000020d7bc12d70 flushing nmethod 0x0000020d6009bd90
Event: 11.131 Thread 0x0000020d7bc12d70 flushing nmethod 0x0000020d600dec90
Event: 11.131 Thread 0x0000020d7bc12d70 flushing nmethod 0x0000020d60113210
Event: 11.132 Thread 0x0000020d7bc12d70 flushing nmethod 0x0000020d601fcd10
Event: 11.132 Thread 0x0000020d7bc12d70 flushing nmethod 0x0000020d601fd090
Event: 11.132 Thread 0x0000020d7bc12d70 flushing nmethod 0x0000020d601fdf10
Event: 11.663 loading class jdk/internal/module/IllegalAccessLogger
Event: 11.663 loading class jdk/internal/module/IllegalAccessLogger done
Event: 11.887 Thread 0x0000020d03866b70 Thread exited: 0x0000020d03866b70
Event: 12.221 Thread 0x0000020d03866b70 Thread added: 0x0000020d03866b70


Dynamic libraries:
0x00007ff60d4f0000 - 0x00007ff60d500000 	E:\Java\Java17\bin\java.exe
0x00007ffd8c300000 - 0x00007ffd8c509000 	C:\WINDOWS\SYSTEM32\ntdll.dll
0x00007ffd8a430000 - 0x00007ffd8a4ed000 	C:\WINDOWS\System32\KERNEL32.DLL
0x00007ffd89b90000 - 0x00007ffd89f14000 	C:\WINDOWS\System32\KERNELBASE.dll
0x00007ffd89a70000 - 0x00007ffd89b81000 	C:\WINDOWS\System32\ucrtbase.dll
0x00007ffd7c450000 - 0x00007ffd7c468000 	E:\Java\Java17\bin\jli.dll
0x00007ffd7c550000 - 0x00007ffd7c56b000 	E:\Java\Java17\bin\VCRUNTIME140.dll
0x00007ffd8a870000 - 0x00007ffd8a91e000 	C:\WINDOWS\System32\ADVAPI32.dll
0x00007ffd8b220000 - 0x00007ffd8b2c3000 	C:\WINDOWS\System32\msvcrt.dll
0x00007ffd8b040000 - 0x00007ffd8b0de000 	C:\WINDOWS\System32\sechost.dll
0x00007ffd8b0f0000 - 0x00007ffd8b211000 	C:\WINDOWS\System32\RPCRT4.dll
0x00007ffd8c110000 - 0x00007ffd8c2bd000 	C:\WINDOWS\System32\USER32.dll
0x00007ffd89830000 - 0x00007ffd89856000 	C:\WINDOWS\System32\win32u.dll
0x00007ffd6e8f0000 - 0x00007ffd6eb95000 	C:\WINDOWS\WinSxS\amd64_microsoft.windows.common-controls_6595b64144ccf1df_6.0.22000.120_none_9d947278b86cc467\COMCTL32.dll
0x00007ffd8b320000 - 0x00007ffd8b34a000 	C:\WINDOWS\System32\GDI32.dll
0x00007ffd89950000 - 0x00007ffd89a6e000 	C:\WINDOWS\System32\gdi32full.dll
0x00007ffd89790000 - 0x00007ffd8982d000 	C:\WINDOWS\System32\msvcp_win.dll
0x00007ffd89220000 - 0x00007ffd8922a000 	C:\WINDOWS\SYSTEM32\VERSION.dll
0x00007ffd8b2d0000 - 0x00007ffd8b301000 	C:\WINDOWS\System32\IMM32.DLL
0x0000000070160000 - 0x000000007016d000 	F:\360\360Safe\safemon\SafeWrapper.dll
0x00007ffd83c40000 - 0x00007ffd83c4c000 	E:\Java\Java17\bin\vcruntime140_1.dll
0x00007ffd79800000 - 0x00007ffd7988e000 	E:\Java\Java17\bin\msvcp140.dll
0x00007ffd259e0000 - 0x00007ffd265b7000 	E:\Java\Java17\bin\server\jvm.dll
0x00007ffd8c100000 - 0x00007ffd8c108000 	C:\WINDOWS\System32\PSAPI.DLL
0x00007ffd6b440000 - 0x00007ffd6b449000 	C:\WINDOWS\SYSTEM32\WSOCK32.dll
0x00007ffd83700000 - 0x00007ffd83733000 	C:\WINDOWS\SYSTEM32\WINMM.dll
0x00007ffd8bfc0000 - 0x00007ffd8c02f000 	C:\WINDOWS\System32\WS2_32.dll
0x00007ffd88840000 - 0x00007ffd88858000 	C:\WINDOWS\SYSTEM32\kernel.appcore.dll
0x00007ffd83ad0000 - 0x00007ffd83ada000 	E:\Java\Java17\bin\jimage.dll
0x00007ffd7b450000 - 0x00007ffd7b671000 	C:\WINDOWS\SYSTEM32\DBGHELP.DLL
0x00007ffd7d490000 - 0x00007ffd7d4c1000 	C:\WINDOWS\SYSTEM32\dbgcore.DLL
0x00007ffd898d0000 - 0x00007ffd8994f000 	C:\WINDOWS\System32\bcryptPrimitives.dll
0x00007ffd7c500000 - 0x00007ffd7c50e000 	E:\Java\Java17\bin\instrument.dll
0x00007ffd7bcd0000 - 0x00007ffd7bcf5000 	E:\Java\Java17\bin\java.dll
0x00007ffd78ea0000 - 0x00007ffd78f77000 	E:\Java\Java17\bin\jsvml.dll
0x00007ffd8b440000 - 0x00007ffd8bc05000 	C:\WINDOWS\System32\SHELL32.dll
0x00007ffd87790000 - 0x00007ffd87ff2000 	C:\WINDOWS\SYSTEM32\windows.storage.dll
0x00007ffd8a4f0000 - 0x00007ffd8a866000 	C:\WINDOWS\System32\combase.dll
0x00007ffd87620000 - 0x00007ffd87787000 	C:\WINDOWS\SYSTEM32\wintypes.dll
0x00007ffd8b350000 - 0x00007ffd8b43a000 	C:\WINDOWS\System32\SHCORE.dll
0x00007ffd8ada0000 - 0x00007ffd8adfd000 	C:\WINDOWS\System32\shlwapi.dll
0x00007ffd896c0000 - 0x00007ffd896e5000 	C:\WINDOWS\SYSTEM32\profapi.dll
0x00007ffd79980000 - 0x00007ffd79998000 	E:\Java\Java17\bin\zip.dll
0x00007ffd7c410000 - 0x00007ffd7c429000 	E:\Java\Java17\bin\net.dll
0x00007ffd83c80000 - 0x00007ffd83d94000 	C:\WINDOWS\SYSTEM32\WINHTTP.dll
0x00007ffd88ce0000 - 0x00007ffd88d47000 	C:\WINDOWS\system32\mswsock.dll
0x00007ffd799a0000 - 0x00007ffd799b6000 	E:\Java\Java17\bin\nio.dll
0x00007ffd79050000 - 0x00007ffd7906a000 	E:\IDEA\IntelliJ IDEA 2023.2\bin\breakgen64.dll
0x0000000069ac0000 - 0x0000000069ae4000 	C:\Users\21288\AppData\Local\Temp\jansi-2.4.0-aa138214d9ef2da2-jansi.dll
0x00007ffd813a0000 - 0x00007ffd813b0000 	E:\Java\Java17\bin\verify.dll

dbghelp: loaded successfully - version: 4.0.5 - missing functions: none
symbol engine: initialized successfully - sym options: 0x614 - pdb path: .;E:\Java\Java17\bin;C:\WINDOWS\SYSTEM32;C:\WINDOWS\WinSxS\amd64_microsoft.windows.common-controls_6595b64144ccf1df_6.0.22000.120_none_9d947278b86cc467;F:\360\360Safe\safemon;E:\Java\Java17\bin\server;E:\IDEA\IntelliJ IDEA 2023.2\bin;C:\Users\21288\AppData\Local\Temp

VM Arguments:
jvm_args: -Dmaven.multiModuleProjectDirectory=D:\学习\教科书\JAVA\材料\spzx-server -Djansi.passthrough=true -Dmaven.home=E:\Maven\apache-maven-3.9.4 -Dclassworlds.conf=E:\Maven\apache-maven-3.9.4\bin\m2.conf -Dmaven.ext.class.path=E:\IDEA\IntelliJ IDEA 2023.2\plugins\maven\lib\maven-event-listener.jar -javaagent:E:\IDEA\IntelliJ IDEA 2023.2\lib\idea_rt.jar=56224:E:\IDEA\IntelliJ IDEA 2023.2\bin -Dfile.encoding=UTF-8 
java_command: org.codehaus.classworlds.Launcher -Didea.version=2023.2 -s E:\Maven\apache-maven-3.9.4\conf\settings.xml -Dmaven.repo.local=C:\Users\21288\.m2\repository -DskipTests=true package
java_class_path (initial): E:\Maven\apache-maven-3.9.4\boot\plexus-classworlds-2.7.0.jar;E:\Maven\apache-maven-3.9.4\boot\plexus-classworlds.license
Launcher Type: SUN_STANDARD

[Global flags]
     intx CICompilerCount                          = 4                                         {product} {ergonomic}
     uint ConcGCThreads                            = 3                                         {product} {ergonomic}
     uint G1ConcRefinementThreads                  = 10                                        {product} {ergonomic}
   size_t G1HeapRegionSize                         = 2097152                                   {product} {ergonomic}
    uintx GCDrainStackTargetSize                   = 64                                        {product} {ergonomic}
   size_t InitialHeapSize                          = 266338304                                 {product} {ergonomic}
   size_t MarkStackSize                            = 4194304                                   {product} {ergonomic}
   size_t MaxHeapSize                              = 4257218560                                {product} {ergonomic}
   size_t MaxNewSize                               = 2554331136                                {product} {ergonomic}
   size_t MinHeapDeltaBytes                        = 2097152                                   {product} {ergonomic}
   size_t MinHeapSize                              = 8388608                                   {product} {ergonomic}
    uintx NonNMethodCodeHeapSize                   = 5839372                                {pd product} {ergonomic}
    uintx NonProfiledCodeHeapSize                  = 122909434                              {pd product} {ergonomic}
    uintx ProfiledCodeHeapSize                     = 122909434                              {pd product} {ergonomic}
    uintx ReservedCodeCacheSize                    = 251658240                              {pd product} {ergonomic}
     bool SegmentedCodeCache                       = true                                      {product} {ergonomic}
   size_t SoftMaxHeapSize                          = 4257218560                             {manageable} {ergonomic}
     bool UseCompressedClassPointers               = true                           {product lp64_product} {ergonomic}
     bool UseCompressedOops                        = true                           {product lp64_product} {ergonomic}
     bool UseG1GC                                  = true                                      {product} {ergonomic}
     bool UseLargePagesIndividualAllocation        = false                                  {pd product} {ergonomic}

Logging:
Log output configuration:
 #0: stdout all=warning uptime,level,tags
 #1: stderr all=off uptime,level,tags

Environment Variables:
JAVA_HOME=E:\Java\Java17
PATH=C:\Program Files\Common Files\Oracle\Java\javapath;E:\texlive\texlive\2022\bin\win32;C:\Program Files (x86)\Common Files\Oracle\Java\javapath;C:\Program Files\NVIDIA Corporation\NVIDIA NvDLISR;F:\matlab2019\runtime\win64;F:\matlab2019\bin;F:\matlab2019\polyspace\bin;C:\Program Files\dotnet\;C:\WINDOWS\system32;C:\WINDOWS;C:\WINDOWS\System32\Wbem;C:\WINDOWS\System32\WindowsPowerShell\v1.0\;C:\WINDOWS\System32\OpenSSH\;C:\Program Files\Microsoft SQL Server\120\Tools\Binn\;C:\Program Files\MySQL\MySQL Server 8.0\bin;C:\Program Files\nodejs\;%CATALINA_HOME%\bin;E:\Maven\apache-maven-3.9.4\bin;E:\Git\cmd;E:\Erlang\Erlang OTP\bin;E:\RabbitMQ\rabbitmq_server-3.12.10\\sbin;E:\Redis\;;E:\WinSCP\WinSCP\;C:\Program Files\MySQL\MySQL Shell 8.0\bin\;E:\Python\Scripts\;E:\Python\;C:\Users\21288\AppData\Local\Microsoft\WindowsApps;C:\altera\13.0sp1\modelsim_ase\win32aloem;E:\Bandizip\;C:\Users\21288\.dotnet\tools;E:\Java\Java17\bin;C:\Users\21288\AppData\Roaming\npm;E:\Microsoft VS Code\bin;C:\Users\21288\AppData\Local\GitHubDesktop\bin
USERNAME=yogi
OS=Windows_NT
PROCESSOR_IDENTIFIER=Intel64 Family 6 Model 158 Stepping 10, GenuineIntel



---------------  S Y S T E M  ---------------

OS:
 Windows 11 , 64 bit Build 22000 (10.0.22000.2538)
OS uptime: 73 days 22:02 hours
Hyper-V role detected

CPU: total 12 (initial active 12) (6 cores per cpu, 2 threads per core) family 6 model 158 stepping 10 microcode 0xde, cx8, cmov, fxsr, ht, mmx, 3dnowpref, sse, sse2, sse3, ssse3, sse4.1, sse4.2, popcnt, lzcnt, tsc, tscinvbit, avx, avx2, aes, erms, clmul, bmi1, bmi2, adx, fma, vzeroupper, clflush, clflushopt, hv

Memory: 4k page, system-wide physical 16239M (3026M free)
TotalPageFile size 31375M (AvailPageFile size 5M)
current process WorkingSet (physical memory assigned to process): 459M, peak: 459M
current process commit charge ("private bytes"): 502M, peak: 503M

vm_info: Java HotSpot(TM) 64-Bit Server VM (17.0.6+9-LTS-190) for windows-amd64 JRE (17.0.6+9-LTS-190), built on Dec  6 2022 15:53:54 by "mach5one" with MS VC++ 17.1 (VS2022)

END.
